[kbplacer_plugin_action.py:65]: Plugin version: 0.12
[kbplacer_plugin_action.py:66]: Python version: '3.11.5 (main, Aug 14 2024, 05:26:19) [MSC v.1939 64 bit (AMD64)]'
[kbplacer_plugin_action.py:67]: KiCad version: 8.0.5 with 4.2.0 msw (phoenix) wxWidgets 3.2.5
[kbplacer_dialog.py:585]: Language: en
[kbplacer_plugin_action.py:75]: GUI state: {"layout_path": "C:\\Users\\end user\\Documents\\KiCad\\8.0\\3rdparty\\keyboard-layout.json", "key_distance": [19.05, 19.05], "key_info": {"annotation_format": "K{}", "position_option": "Default", "position": {"x": 0.0, "y": 0.0, "orientation": 0.0, "side": "Front"}, "template_path": ""}, "enable_diode_placement": true, "route_switches_with_diodes": true, "optimize_diodes_orientation": false, "diode_info": {"annotation_format": "D{}", "position_option": "Default", "position": {"x": 5.08, "y": 3.03, "orientation": 90.0, "side": "Back"}, "template_path": ""}, "additional_elements": [{"annotation_format": "ST{}", "position_option": "Custom", "position": {"x": 0.0, "y": 0.0, "orientation": 0.0, "side": "Front"}, "template_path": ""}], "route_rows_and_columns": true, "template_path": "", "generate_outline": false, "outline_delta": 0.0}
[key_placer.py:361]: Set key 1U distance: 19050000/19050000
[key_placer.py:123]: Switches by nets: defaultdict(<class 'list'>, {frozenset({'Net-(U2-IO3_5)', 'gnd'}): ['K27'], frozenset({'gnd', 'Net-(U2-IO1_7)'}): ['K9'], frozenset({'Net-(U3-IO4_5)', 'gnd'}): ['K43'], frozenset({'Net-(U2-IO2_2)', 'gnd'}): ['K22'], frozenset({'Net-(U2-IO2_3)', 'gnd'}): ['K21'], frozenset({'Net-(U2-IO2_6)', 'gnd'}): ['K18'], frozenset({'Net-(U3-IO3_2)', 'gnd'}): ['K54'], frozenset({'Net-(U2-IO0_3)', 'gnd'}): ['K3'], frozenset({'Net-(U2-IO2_4)', 'gnd'}): ['K20'], frozenset({'Net-(U2-IO3_4)', 'gnd'}): ['K28'], frozenset({'Net-(U2-IO0_7)', 'gnd'}): ['K5'], frozenset({'gnd', 'Net-(U4-IO4_5)'}): ['K83'], frozenset({'gnd', 'Net-(U2-IO0_0)'}): ['K1'], frozenset({'Net-(U3-IO2_4)', 'gnd'}): ['K60'], frozenset({'Net-(U3-IO2_7)', 'gnd'}): ['K57'], frozenset({'Net-(U3-IO1_1)', 'gnd'}): ['K71'], frozenset({'Net-(U3-IO4_7)', 'gnd'}): ['K41'], frozenset({'Net-(U3-IO2_0)', 'gnd'}): ['K64'], frozenset({'Net-(U2-IO2_1)', 'gnd'}): ['K23'], frozenset({'Net-(U3-IO0_3)', 'gnd'}): ['K77'], frozenset({'Net-(U3-IO0_4)', 'gnd'}): ['K76'], frozenset({'Net-(U3-IO2_5)', 'gnd'}): ['K59'], frozenset({'gnd', 'Net-(U3-IO4_2)'}): ['K46'], frozenset({'Net-(U3-IO3_4)', 'gnd'}): ['K52'], frozenset({'Net-(U3-IO0_2)', 'gnd'}): ['K78'], frozenset({'Net-(U2-IO2_5)', 'gnd'}): ['K19'], frozenset({'Net-(U3-IO1_2)', 'gnd'}): ['K70'], frozenset({'Net-(U3-IO4_4)', 'gnd'}): ['K44'], frozenset({'gnd', 'Net-(U3-IO3_1)'}): ['K55'], frozenset({'Net-(U3-IO3_6)', 'gnd'}): ['K50'], frozenset({'Net-(U2-IO1_4)', 'gnd'}): ['K12'], frozenset({'Net-(U2-IO0_5)', 'gnd'}): ['K7'], frozenset({'Net-(U2-IO1_5)', 'gnd'}): ['K11'], frozenset({'gnd', 'Net-(U3-IO2_1)'}): ['K63'], frozenset({'Net-(U3-IO0_5)', 'gnd'}): ['K75'], frozenset({'Net-(U2-IO0_4)', 'gnd'}): ['K8'], frozenset({'Net-(U3-IO0_6)', 'gnd'}): ['K74'], frozenset({'Net-(U2-IO3_0)', 'gnd'}): ['K32'], frozenset({'gnd', 'Net-(U3-IO3_3)'}): ['K53'], frozenset({'Net-(U2-IO3_7)', 'gnd'}): ['K25'], frozenset({'Net-(U2-IO3_2)', 'gnd'}): ['K30'], frozenset({'Net-(U3-IO4_0)', 'gnd'}): ['K48'], frozenset({'Net-(U2-IO4_0)', 'gnd'}): ['K40'], frozenset({'gnd', 'Net-(U3-IO2_2)'}): ['K62'], frozenset({'Net-(U2-IO4_2)', 'gnd'}): ['K38'], frozenset({'Net-(U3-IO3_7)', 'gnd'}): ['K49'], frozenset({'Net-(U3-IO3_5)', 'gnd'}): ['K51'], frozenset({'gnd', 'Net-(U2-IO4_4)'}): ['K36'], frozenset({'Net-(U2-IO4_1)', 'gnd'}): ['K39'], frozenset({'Net-(U2-IO0_2)', 'gnd'}): ['K4'], frozenset({'Net-(U3-IO4_6)', 'gnd'}): ['K42'], frozenset({'gnd', 'Net-(U2-IO3_1)'}): ['K31'], frozenset({'Net-(U3-IO0_1)', 'gnd'}): ['K79'], frozenset({'Net-(U4-IO4_4)', 'gnd'}): ['K84'], frozenset({'unconnected-(K81-Pad1)', 'Net-(U4-IO4_7)'}): ['K81'], frozenset({'Net-(U3-IO2_6)', 'gnd'}): ['K58'], frozenset({'gnd', 'Net-(U2-IO4_5)'}): ['K35'], frozenset({'Net-(U2-IO1_6)', 'gnd'}): ['K10'], frozenset({'Net-(U3-IO1_0)', 'gnd'}): ['K72'], frozenset({'Net-(U2-IO3_3)', 'gnd'}): ['K29'], frozenset({'Net-(U2-IO0_1)', 'gnd'}): ['K2'], frozenset({'Net-(U2-IO1_1)', 'gnd'}): ['K15'], frozenset({'Net-(U3-IO3_0)', 'gnd'}): ['K56'], frozenset({'gnd', 'Net-(U2-IO1_3)'}): ['K13'], frozenset({'Net-(U2-IO4_3)', 'gnd'}): ['K37'], frozenset({'Net-(U2-IO1_0)', 'gnd'}): ['K16'], frozenset({'Net-(U2-IO4_7)', 'gnd'}): ['K33'], frozenset({'gnd', 'Net-(U3-IO1_3)'}): ['K69'], frozenset({'Net-(U3-IO0_7)', 'gnd'}): ['K73'], frozenset({'Net-(U2-IO4_6)', 'gnd'}): ['K34'], frozenset({'Net-(U3-IO4_1)', 'gnd'}): ['K47'], frozenset({'Net-(U3-IO1_7)', 'gnd'}): ['K65'], frozenset({'Net-(U3-IO0_0)', 'gnd'}): ['K80'], frozenset({'Net-(U2-IO1_2)', 'gnd'}): ['K14'], frozenset({'Net-(U3-IO4_3)', 'gnd'}): ['K45'], frozenset({'Net-(U2-IO3_6)', 'gnd'}): ['K26'], frozenset({'Net-(U3-IO1_5)', 'gnd'}): ['K67'], frozenset({'Net-(U3-IO1_4)', 'gnd'}): ['K68'], frozenset({'Net-(U2-IO2_0)', 'gnd'}): ['K24'], frozenset({'Net-(U4-IO4_6)', 'gnd'}): ['K82'], frozenset({'Net-(U3-IO1_6)', 'gnd'}): ['K66'], frozenset({'Net-(U2-IO2_7)', 'gnd'}): ['K17'], frozenset({'Net-(U2-IO0_6)', 'gnd'}): ['K6'], frozenset({'Net-(U3-IO2_3)', 'gnd'}): ['K61']})
[key_placer.py:127]: Diodes by switch: {}
[kle_serial.py:897]: User layout: [[{'a': 6}, 'Esc', 'F1', 'F2', 'F3', 'F4', 'F5', 'F6', 'F7', 'F8', 'F9', 'F10', 'F11', 'F12', {'a': 5}, 'PrtSc\nNmLk', 'Pause\nScrLk', 'Delete\nInsert'], [{'a': 4}, '~\n`', '!\n1', '@\n2', '#\n3', '$\n4', '%\n5', '^\n6', '&\n7', '*\n8', '(\n9', ')\n0', '_\n-', '+\n=', {'a': 6, 'w': 2}, 'Backspace', 'Home'], [{'a': 4, 'w': 1.5}, 'Tab', 'Q', 'W', 'E', 'R', 'T', 'Y', 'U', 'I', 'O', 'P', '{\n[', '}\n]', {'w': 1.5}, '|\n\\', {'a': 6}, 'Page Up'], [{'a': 4, 'w': 1.75}, 'Caps Lock', 'A', 'S', 'D', 'F', 'G', 'H', 'J', 'K', 'L', ':\n;', '"\n\'', {'a': 6, 'w': 2.25}, 'Enter', 'Page Down'], [{'w': 2.25}, 'Shift', {'a': 4}, 'Z', 'X', 'C', 'V', 'B', 'N', 'M', '<\n,', '>\n.', '?\n/', {'a': 6, 'w': 1.75}, 'Shift', {'a': 7}, '↑', {'a': 6}, 'End'], [{'w': 1.25}, 'Ctrl', {'w': 1.25}, 'Win', {'w': 1.25}, 'Alt', {'a': 7, 'w': 6.25}, '', {'a': 6}, 'Alt', 'Fn', 'Ctrl', {'a': 7}, '←', '↓', '→']]
[key_placer.py:661]: Layout offset: (28575000, 28575000)
[board_modifier.py:85]: Setting K1 footprint position: (38100000, 38100000)
[board_modifier.py:85]: Setting K2 footprint position: (57150000, 38100000)
[board_modifier.py:85]: Setting K3 footprint position: (76200000, 38100000)
[board_modifier.py:85]: Setting K4 footprint position: (95250000, 38100000)
[board_modifier.py:85]: Setting K5 footprint position: (114300000, 38100000)
[board_modifier.py:85]: Setting K6 footprint position: (133350000, 38100000)
[board_modifier.py:85]: Setting K7 footprint position: (152400000, 38100000)
[board_modifier.py:85]: Setting K8 footprint position: (171450000, 38100000)
[board_modifier.py:85]: Setting K9 footprint position: (190500000, 38100000)
[board_modifier.py:85]: Setting K10 footprint position: (209550000, 38100000)
[board_modifier.py:85]: Setting K11 footprint position: (228600000, 38100000)
[board_modifier.py:85]: Setting K12 footprint position: (247650000, 38100000)
[board_modifier.py:85]: Setting K13 footprint position: (266700000, 38100000)
[board_modifier.py:85]: Setting K14 footprint position: (285750000, 38100000)
[board_modifier.py:85]: Setting K15 footprint position: (304800000, 38100000)
[board_modifier.py:85]: Setting K16 footprint position: (323850000, 38100000)
[board_modifier.py:85]: Setting K17 footprint position: (38100000, 57150000)
[board_modifier.py:85]: Setting K18 footprint position: (57150000, 57150000)
[board_modifier.py:85]: Setting K19 footprint position: (76200000, 57150000)
[board_modifier.py:85]: Setting K20 footprint position: (95250000, 57150000)
[board_modifier.py:85]: Setting K21 footprint position: (114300000, 57150000)
[board_modifier.py:85]: Setting K22 footprint position: (133350000, 57150000)
[board_modifier.py:85]: Setting K23 footprint position: (152400000, 57150000)
[board_modifier.py:85]: Setting K24 footprint position: (171450000, 57150000)
[board_modifier.py:85]: Setting K25 footprint position: (190500000, 57150000)
[board_modifier.py:85]: Setting K26 footprint position: (209550000, 57150000)
[board_modifier.py:85]: Setting K27 footprint position: (228600000, 57150000)
[board_modifier.py:85]: Setting K28 footprint position: (247650000, 57150000)
[board_modifier.py:85]: Setting K29 footprint position: (266700000, 57150000)
[board_modifier.py:85]: Setting K30 footprint position: (295275000, 57150000)
[board_modifier.py:85]: Setting K31 footprint position: (323850000, 57150000)
[board_modifier.py:85]: Setting K32 footprint position: (42862500, 76200000)
[board_modifier.py:85]: Setting K33 footprint position: (66675000, 76200000)
[board_modifier.py:85]: Setting K34 footprint position: (85725000, 76200000)
[board_modifier.py:85]: Setting K35 footprint position: (104775000, 76200000)
[board_modifier.py:85]: Setting K36 footprint position: (123825000, 76200000)
[board_modifier.py:85]: Setting K37 footprint position: (142875000, 76200000)
[board_modifier.py:85]: Setting K38 footprint position: (161925000, 76200000)
[board_modifier.py:85]: Setting K39 footprint position: (180975000, 76200000)
[board_modifier.py:85]: Setting K40 footprint position: (200025000, 76200000)
[board_modifier.py:85]: Setting K41 footprint position: (219075000, 76200000)
[board_modifier.py:85]: Setting K42 footprint position: (238125000, 76200000)
[board_modifier.py:85]: Setting K43 footprint position: (257175000, 76200000)
[board_modifier.py:85]: Setting K44 footprint position: (276225000, 76200000)
[board_modifier.py:85]: Setting K45 footprint position: (300037500, 76200000)
[board_modifier.py:85]: Setting K46 footprint position: (323850000, 76200000)
[board_modifier.py:85]: Setting K47 footprint position: (45243750, 95250000)
[board_modifier.py:85]: Setting K48 footprint position: (71437500, 95250000)
[board_modifier.py:85]: Setting K49 footprint position: (90487500, 95250000)
[board_modifier.py:85]: Setting K50 footprint position: (109537500, 95250000)
[board_modifier.py:85]: Setting K51 footprint position: (128587500, 95250000)
[board_modifier.py:85]: Setting K52 footprint position: (147637500, 95250000)
[board_modifier.py:85]: Setting K53 footprint position: (166687500, 95250000)
[board_modifier.py:85]: Setting K54 footprint position: (185737500, 95250000)
[board_modifier.py:85]: Setting K55 footprint position: (204787500, 95250000)
[board_modifier.py:85]: Setting K56 footprint position: (223837500, 95250000)
[board_modifier.py:85]: Setting K57 footprint position: (242887500, 95250000)
[board_modifier.py:85]: Setting K58 footprint position: (261937500, 95250000)
[board_modifier.py:85]: Setting K59 footprint position: (292893750, 95250000)
[board_modifier.py:85]: Setting K60 footprint position: (323850000, 95250000)
[board_modifier.py:85]: Setting K61 footprint position: (50006250, 114300000)
[board_modifier.py:85]: Setting K62 footprint position: (80962500, 114300000)
[board_modifier.py:85]: Setting K63 footprint position: (100012500, 114300000)
[board_modifier.py:85]: Setting K64 footprint position: (119062500, 114300000)
[board_modifier.py:85]: Setting K65 footprint position: (138112500, 114300000)
[board_modifier.py:85]: Setting K66 footprint position: (157162500, 114300000)
[board_modifier.py:85]: Setting K67 footprint position: (176212500, 114300000)
[board_modifier.py:85]: Setting K68 footprint position: (195262500, 114300000)
[board_modifier.py:85]: Setting K69 footprint position: (214312500, 114300000)
[board_modifier.py:85]: Setting K70 footprint position: (233362500, 114300000)
[board_modifier.py:85]: Setting K71 footprint position: (252412500, 114300000)
[board_modifier.py:85]: Setting K72 footprint position: (278606250, 114300000)
[board_modifier.py:85]: Setting K73 footprint position: (304800000, 114300000)
[board_modifier.py:85]: Setting K74 footprint position: (323850000, 114300000)
[board_modifier.py:85]: Setting K75 footprint position: (40481250, 133350000)
[board_modifier.py:85]: Setting K76 footprint position: (64293750, 133350000)
[board_modifier.py:85]: Setting K77 footprint position: (88106250, 133350000)
[board_modifier.py:85]: Setting K78 footprint position: (159543750, 133350000)
[board_modifier.py:85]: Setting K79 footprint position: (228600000, 133350000)
[board_modifier.py:85]: Setting K80 footprint position: (247650000, 133350000)
[board_modifier.py:85]: Setting K81 footprint position: (266700000, 133350000)
[board_modifier.py:85]: Setting K82 footprint position: (285750000, 133350000)
[board_modifier.py:85]: Setting K83 footprint position: (304800000, 133350000)
[board_modifier.py:85]: Setting K84 footprint position: (323850000, 133350000)
[key_placer.py:996]: Diode info: [ElementInfo(annotation_format='D{}', position_option=<PositionOption.DEFAULT: 'Default'>, position=ElementPosition(x=5.08, y=3.03, orientation=90.0, side=<Side.BACK: 'Back'>), template_path='')]
[board_modifier.py:98]: Getting K1 footprint position: (38100000, 38100000)
[board_modifier.py:98]: Getting K2 footprint position: (57150000, 38100000)
[board_modifier.py:98]: Getting K3 footprint position: (76200000, 38100000)
[board_modifier.py:98]: Getting K4 footprint position: (95250000, 38100000)
[board_modifier.py:98]: Getting K5 footprint position: (114300000, 38100000)
[board_modifier.py:98]: Getting K6 footprint position: (133350000, 38100000)
[board_modifier.py:98]: Getting K7 footprint position: (152400000, 38100000)
[board_modifier.py:98]: Getting K8 footprint position: (171450000, 38100000)
[board_modifier.py:98]: Getting K9 footprint position: (190500000, 38100000)
[board_modifier.py:98]: Getting K10 footprint position: (209550000, 38100000)
[board_modifier.py:98]: Getting K11 footprint position: (228600000, 38100000)
[board_modifier.py:98]: Getting K12 footprint position: (247650000, 38100000)
[board_modifier.py:98]: Getting K13 footprint position: (266700000, 38100000)
[board_modifier.py:98]: Getting K14 footprint position: (285750000, 38100000)
[board_modifier.py:98]: Getting K15 footprint position: (304800000, 38100000)
[board_modifier.py:98]: Getting K16 footprint position: (323850000, 38100000)
[board_modifier.py:98]: Getting K17 footprint position: (38100000, 57150000)
[board_modifier.py:98]: Getting K18 footprint position: (57150000, 57150000)
[board_modifier.py:98]: Getting K19 footprint position: (76200000, 57150000)
[board_modifier.py:98]: Getting K20 footprint position: (95250000, 57150000)
[board_modifier.py:98]: Getting K21 footprint position: (114300000, 57150000)
[board_modifier.py:98]: Getting K22 footprint position: (133350000, 57150000)
[board_modifier.py:98]: Getting K23 footprint position: (152400000, 57150000)
[board_modifier.py:98]: Getting K24 footprint position: (171450000, 57150000)
[board_modifier.py:98]: Getting K25 footprint position: (190500000, 57150000)
[board_modifier.py:98]: Getting K26 footprint position: (209550000, 57150000)
[board_modifier.py:98]: Getting K27 footprint position: (228600000, 57150000)
[board_modifier.py:98]: Getting K28 footprint position: (247650000, 57150000)
[board_modifier.py:98]: Getting K29 footprint position: (266700000, 57150000)
[board_modifier.py:98]: Getting K30 footprint position: (295275000, 57150000)
[board_modifier.py:98]: Getting K31 footprint position: (323850000, 57150000)
[board_modifier.py:98]: Getting K32 footprint position: (42862500, 76200000)
[board_modifier.py:98]: Getting K33 footprint position: (66675000, 76200000)
[board_modifier.py:98]: Getting K34 footprint position: (85725000, 76200000)
[board_modifier.py:98]: Getting K35 footprint position: (104775000, 76200000)
[board_modifier.py:98]: Getting K36 footprint position: (123825000, 76200000)
[board_modifier.py:98]: Getting K37 footprint position: (142875000, 76200000)
[board_modifier.py:98]: Getting K38 footprint position: (161925000, 76200000)
[board_modifier.py:98]: Getting K39 footprint position: (180975000, 76200000)
[board_modifier.py:98]: Getting K40 footprint position: (200025000, 76200000)
[board_modifier.py:98]: Getting K41 footprint position: (219075000, 76200000)
[board_modifier.py:98]: Getting K42 footprint position: (238125000, 76200000)
[board_modifier.py:98]: Getting K43 footprint position: (257175000, 76200000)
[board_modifier.py:98]: Getting K44 footprint position: (276225000, 76200000)
[board_modifier.py:98]: Getting K45 footprint position: (300037500, 76200000)
[board_modifier.py:98]: Getting K46 footprint position: (323850000, 76200000)
[board_modifier.py:98]: Getting K47 footprint position: (45243750, 95250000)
[board_modifier.py:98]: Getting K48 footprint position: (71437500, 95250000)
[board_modifier.py:98]: Getting K49 footprint position: (90487500, 95250000)
[board_modifier.py:98]: Getting K50 footprint position: (109537500, 95250000)
[board_modifier.py:98]: Getting K51 footprint position: (128587500, 95250000)
[board_modifier.py:98]: Getting K52 footprint position: (147637500, 95250000)
[board_modifier.py:98]: Getting K53 footprint position: (166687500, 95250000)
[board_modifier.py:98]: Getting K54 footprint position: (185737500, 95250000)
[board_modifier.py:98]: Getting K55 footprint position: (204787500, 95250000)
[board_modifier.py:98]: Getting K56 footprint position: (223837500, 95250000)
[board_modifier.py:98]: Getting K57 footprint position: (242887500, 95250000)
[board_modifier.py:98]: Getting K58 footprint position: (261937500, 95250000)
[board_modifier.py:98]: Getting K59 footprint position: (292893750, 95250000)
[board_modifier.py:98]: Getting K60 footprint position: (323850000, 95250000)
[board_modifier.py:98]: Getting K61 footprint position: (50006250, 114300000)
[board_modifier.py:98]: Getting K62 footprint position: (80962500, 114300000)
[board_modifier.py:98]: Getting K63 footprint position: (100012500, 114300000)
[board_modifier.py:98]: Getting K64 footprint position: (119062500, 114300000)
[board_modifier.py:98]: Getting K65 footprint position: (138112500, 114300000)
[board_modifier.py:98]: Getting K66 footprint position: (157162500, 114300000)
[board_modifier.py:98]: Getting K67 footprint position: (176212500, 114300000)
[board_modifier.py:98]: Getting K68 footprint position: (195262500, 114300000)
[board_modifier.py:98]: Getting K69 footprint position: (214312500, 114300000)
[board_modifier.py:98]: Getting K70 footprint position: (233362500, 114300000)
[board_modifier.py:98]: Getting K71 footprint position: (252412500, 114300000)
[board_modifier.py:98]: Getting K72 footprint position: (278606250, 114300000)
[board_modifier.py:98]: Getting K73 footprint position: (304800000, 114300000)
[board_modifier.py:98]: Getting K74 footprint position: (323850000, 114300000)
[board_modifier.py:98]: Getting K75 footprint position: (40481250, 133350000)
[board_modifier.py:98]: Getting K76 footprint position: (64293750, 133350000)
[board_modifier.py:98]: Getting K77 footprint position: (88106250, 133350000)
[board_modifier.py:98]: Getting K78 footprint position: (159543750, 133350000)
[board_modifier.py:98]: Getting K79 footprint position: (228600000, 133350000)
[board_modifier.py:98]: Getting K80 footprint position: (247650000, 133350000)
[board_modifier.py:98]: Getting K81 footprint position: (266700000, 133350000)
[board_modifier.py:98]: Getting K82 footprint position: (285750000, 133350000)
[board_modifier.py:98]: Getting K83 footprint position: (304800000, 133350000)
[board_modifier.py:98]: Getting K84 footprint position: (323850000, 133350000)
[key_placer.py:774]: Placing additional elements for K27
[board_modifier.py:98]: Getting K27 footprint position: (228600000, 57150000)
[board_modifier.py:75]: Searching for optional ST27 footprint in C:\Users\end user\Desktop\Projects\Mechanical Keyboard\Scroller7\scroller7\scroller7.kicad_pcb
[board_modifier.py:80]: Footprint not found
[key_placer.py:774]: Placing additional elements for K9
[board_modifier.py:98]: Getting K9 footprint position: (190500000, 38100000)
[board_modifier.py:75]: Searching for optional ST9 footprint in C:\Users\end user\Desktop\Projects\Mechanical Keyboard\Scroller7\scroller7\scroller7.kicad_pcb
[board_modifier.py:80]: Footprint not found
[key_placer.py:774]: Placing additional elements for K43
[board_modifier.py:98]: Getting K43 footprint position: (257175000, 76200000)
[board_modifier.py:75]: Searching for optional ST43 footprint in C:\Users\end user\Desktop\Projects\Mechanical Keyboard\Scroller7\scroller7\scroller7.kicad_pcb
[board_modifier.py:80]: Footprint not found
[key_placer.py:774]: Placing additional elements for K22
[board_modifier.py:98]: Getting K22 footprint position: (133350000, 57150000)
[board_modifier.py:75]: Searching for optional ST22 footprint in C:\Users\end user\Desktop\Projects\Mechanical Keyboard\Scroller7\scroller7\scroller7.kicad_pcb
[board_modifier.py:80]: Footprint not found
[key_placer.py:774]: Placing additional elements for K21
[board_modifier.py:98]: Getting K21 footprint position: (114300000, 57150000)
[board_modifier.py:75]: Searching for optional ST21 footprint in C:\Users\end user\Desktop\Projects\Mechanical Keyboard\Scroller7\scroller7\scroller7.kicad_pcb
[board_modifier.py:80]: Footprint not found
[key_placer.py:774]: Placing additional elements for K18
[board_modifier.py:98]: Getting K18 footprint position: (57150000, 57150000)
[board_modifier.py:75]: Searching for optional ST18 footprint in C:\Users\end user\Desktop\Projects\Mechanical Keyboard\Scroller7\scroller7\scroller7.kicad_pcb
[board_modifier.py:80]: Footprint not found
[key_placer.py:774]: Placing additional elements for K54
[board_modifier.py:98]: Getting K54 footprint position: (185737500, 95250000)
[board_modifier.py:75]: Searching for optional ST54 footprint in C:\Users\end user\Desktop\Projects\Mechanical Keyboard\Scroller7\scroller7\scroller7.kicad_pcb
[board_modifier.py:80]: Footprint not found
[key_placer.py:774]: Placing additional elements for K3
[board_modifier.py:98]: Getting K3 footprint position: (76200000, 38100000)
[board_modifier.py:75]: Searching for optional ST3 footprint in C:\Users\end user\Desktop\Projects\Mechanical Keyboard\Scroller7\scroller7\scroller7.kicad_pcb
[board_modifier.py:80]: Footprint not found
[key_placer.py:774]: Placing additional elements for K20
[board_modifier.py:98]: Getting K20 footprint position: (95250000, 57150000)
[board_modifier.py:75]: Searching for optional ST20 footprint in C:\Users\end user\Desktop\Projects\Mechanical Keyboard\Scroller7\scroller7\scroller7.kicad_pcb
[board_modifier.py:80]: Footprint not found
[key_placer.py:774]: Placing additional elements for K28
[board_modifier.py:98]: Getting K28 footprint position: (247650000, 57150000)
[board_modifier.py:75]: Searching for optional ST28 footprint in C:\Users\end user\Desktop\Projects\Mechanical Keyboard\Scroller7\scroller7\scroller7.kicad_pcb
[board_modifier.py:80]: Footprint not found
[key_placer.py:774]: Placing additional elements for K5
[board_modifier.py:98]: Getting K5 footprint position: (114300000, 38100000)
[board_modifier.py:75]: Searching for optional ST5 footprint in C:\Users\end user\Desktop\Projects\Mechanical Keyboard\Scroller7\scroller7\scroller7.kicad_pcb
[board_modifier.py:80]: Footprint not found
[key_placer.py:774]: Placing additional elements for K83
[board_modifier.py:98]: Getting K83 footprint position: (304800000, 133350000)
[board_modifier.py:75]: Searching for optional ST83 footprint in C:\Users\end user\Desktop\Projects\Mechanical Keyboard\Scroller7\scroller7\scroller7.kicad_pcb
[board_modifier.py:80]: Footprint not found
[key_placer.py:774]: Placing additional elements for K1
[board_modifier.py:98]: Getting K1 footprint position: (38100000, 38100000)
[board_modifier.py:75]: Searching for optional ST1 footprint in C:\Users\end user\Desktop\Projects\Mechanical Keyboard\Scroller7\scroller7\scroller7.kicad_pcb
[board_modifier.py:80]: Footprint not found
[key_placer.py:774]: Placing additional elements for K60
[board_modifier.py:98]: Getting K60 footprint position: (323850000, 95250000)
[board_modifier.py:75]: Searching for optional ST60 footprint in C:\Users\end user\Desktop\Projects\Mechanical Keyboard\Scroller7\scroller7\scroller7.kicad_pcb
[board_modifier.py:80]: Footprint not found
[key_placer.py:774]: Placing additional elements for K57
[board_modifier.py:98]: Getting K57 footprint position: (242887500, 95250000)
[board_modifier.py:75]: Searching for optional ST57 footprint in C:\Users\end user\Desktop\Projects\Mechanical Keyboard\Scroller7\scroller7\scroller7.kicad_pcb
[board_modifier.py:80]: Footprint not found
[key_placer.py:774]: Placing additional elements for K71
[board_modifier.py:98]: Getting K71 footprint position: (252412500, 114300000)
[board_modifier.py:75]: Searching for optional ST71 footprint in C:\Users\end user\Desktop\Projects\Mechanical Keyboard\Scroller7\scroller7\scroller7.kicad_pcb
[board_modifier.py:80]: Footprint not found
[key_placer.py:774]: Placing additional elements for K41
[board_modifier.py:98]: Getting K41 footprint position: (219075000, 76200000)
[board_modifier.py:75]: Searching for optional ST41 footprint in C:\Users\end user\Desktop\Projects\Mechanical Keyboard\Scroller7\scroller7\scroller7.kicad_pcb
[board_modifier.py:80]: Footprint not found
[key_placer.py:774]: Placing additional elements for K64
[board_modifier.py:98]: Getting K64 footprint position: (119062500, 114300000)
[board_modifier.py:75]: Searching for optional ST64 footprint in C:\Users\end user\Desktop\Projects\Mechanical Keyboard\Scroller7\scroller7\scroller7.kicad_pcb
[board_modifier.py:80]: Footprint not found
[key_placer.py:774]: Placing additional elements for K23
[board_modifier.py:98]: Getting K23 footprint position: (152400000, 57150000)
[board_modifier.py:75]: Searching for optional ST23 footprint in C:\Users\end user\Desktop\Projects\Mechanical Keyboard\Scroller7\scroller7\scroller7.kicad_pcb
[board_modifier.py:80]: Footprint not found
[key_placer.py:774]: Placing additional elements for K77
[board_modifier.py:98]: Getting K77 footprint position: (88106250, 133350000)
[board_modifier.py:75]: Searching for optional ST77 footprint in C:\Users\end user\Desktop\Projects\Mechanical Keyboard\Scroller7\scroller7\scroller7.kicad_pcb
[board_modifier.py:80]: Footprint not found
[key_placer.py:774]: Placing additional elements for K76
[board_modifier.py:98]: Getting K76 footprint position: (64293750, 133350000)
[board_modifier.py:75]: Searching for optional ST76 footprint in C:\Users\end user\Desktop\Projects\Mechanical Keyboard\Scroller7\scroller7\scroller7.kicad_pcb
[board_modifier.py:80]: Footprint not found
[key_placer.py:774]: Placing additional elements for K59
[board_modifier.py:98]: Getting K59 footprint position: (292893750, 95250000)
[board_modifier.py:75]: Searching for optional ST59 footprint in C:\Users\end user\Desktop\Projects\Mechanical Keyboard\Scroller7\scroller7\scroller7.kicad_pcb
[board_modifier.py:80]: Footprint not found
[key_placer.py:774]: Placing additional elements for K46
[board_modifier.py:98]: Getting K46 footprint position: (323850000, 76200000)
[board_modifier.py:75]: Searching for optional ST46 footprint in C:\Users\end user\Desktop\Projects\Mechanical Keyboard\Scroller7\scroller7\scroller7.kicad_pcb
[board_modifier.py:80]: Footprint not found
[key_placer.py:774]: Placing additional elements for K52
[board_modifier.py:98]: Getting K52 footprint position: (147637500, 95250000)
[board_modifier.py:75]: Searching for optional ST52 footprint in C:\Users\end user\Desktop\Projects\Mechanical Keyboard\Scroller7\scroller7\scroller7.kicad_pcb
[board_modifier.py:80]: Footprint not found
[key_placer.py:774]: Placing additional elements for K78
[board_modifier.py:98]: Getting K78 footprint position: (159543750, 133350000)
[board_modifier.py:75]: Searching for optional ST78 footprint in C:\Users\end user\Desktop\Projects\Mechanical Keyboard\Scroller7\scroller7\scroller7.kicad_pcb
[board_modifier.py:80]: Footprint not found
[key_placer.py:774]: Placing additional elements for K19
[board_modifier.py:98]: Getting K19 footprint position: (76200000, 57150000)
[board_modifier.py:75]: Searching for optional ST19 footprint in C:\Users\end user\Desktop\Projects\Mechanical Keyboard\Scroller7\scroller7\scroller7.kicad_pcb
[board_modifier.py:80]: Footprint not found
[key_placer.py:774]: Placing additional elements for K70
[board_modifier.py:98]: Getting K70 footprint position: (233362500, 114300000)
[board_modifier.py:75]: Searching for optional ST70 footprint in C:\Users\end user\Desktop\Projects\Mechanical Keyboard\Scroller7\scroller7\scroller7.kicad_pcb
[board_modifier.py:80]: Footprint not found
[key_placer.py:774]: Placing additional elements for K44
[board_modifier.py:98]: Getting K44 footprint position: (276225000, 76200000)
[board_modifier.py:75]: Searching for optional ST44 footprint in C:\Users\end user\Desktop\Projects\Mechanical Keyboard\Scroller7\scroller7\scroller7.kicad_pcb
[board_modifier.py:80]: Footprint not found
[key_placer.py:774]: Placing additional elements for K55
[board_modifier.py:98]: Getting K55 footprint position: (204787500, 95250000)
[board_modifier.py:75]: Searching for optional ST55 footprint in C:\Users\end user\Desktop\Projects\Mechanical Keyboard\Scroller7\scroller7\scroller7.kicad_pcb
[board_modifier.py:80]: Footprint not found
[key_placer.py:774]: Placing additional elements for K50
[board_modifier.py:98]: Getting K50 footprint position: (109537500, 95250000)
[board_modifier.py:75]: Searching for optional ST50 footprint in C:\Users\end user\Desktop\Projects\Mechanical Keyboard\Scroller7\scroller7\scroller7.kicad_pcb
[board_modifier.py:80]: Footprint not found
[key_placer.py:774]: Placing additional elements for K12
[board_modifier.py:98]: Getting K12 footprint position: (247650000, 38100000)
[board_modifier.py:75]: Searching for optional ST12 footprint in C:\Users\end user\Desktop\Projects\Mechanical Keyboard\Scroller7\scroller7\scroller7.kicad_pcb
[board_modifier.py:80]: Footprint not found
[key_placer.py:774]: Placing additional elements for K7
[board_modifier.py:98]: Getting K7 footprint position: (152400000, 38100000)
[board_modifier.py:75]: Searching for optional ST7 footprint in C:\Users\end user\Desktop\Projects\Mechanical Keyboard\Scroller7\scroller7\scroller7.kicad_pcb
[board_modifier.py:80]: Footprint not found
[key_placer.py:774]: Placing additional elements for K11
[board_modifier.py:98]: Getting K11 footprint position: (228600000, 38100000)
[board_modifier.py:75]: Searching for optional ST11 footprint in C:\Users\end user\Desktop\Projects\Mechanical Keyboard\Scroller7\scroller7\scroller7.kicad_pcb
[board_modifier.py:80]: Footprint not found
[key_placer.py:774]: Placing additional elements for K63
[board_modifier.py:98]: Getting K63 footprint position: (100012500, 114300000)
[board_modifier.py:75]: Searching for optional ST63 footprint in C:\Users\end user\Desktop\Projects\Mechanical Keyboard\Scroller7\scroller7\scroller7.kicad_pcb
[board_modifier.py:80]: Footprint not found
[key_placer.py:774]: Placing additional elements for K75
[board_modifier.py:98]: Getting K75 footprint position: (40481250, 133350000)
[board_modifier.py:75]: Searching for optional ST75 footprint in C:\Users\end user\Desktop\Projects\Mechanical Keyboard\Scroller7\scroller7\scroller7.kicad_pcb
[board_modifier.py:80]: Footprint not found
[key_placer.py:774]: Placing additional elements for K8
[board_modifier.py:98]: Getting K8 footprint position: (171450000, 38100000)
[board_modifier.py:75]: Searching for optional ST8 footprint in C:\Users\end user\Desktop\Projects\Mechanical Keyboard\Scroller7\scroller7\scroller7.kicad_pcb
[board_modifier.py:80]: Footprint not found
[key_placer.py:774]: Placing additional elements for K74
[board_modifier.py:98]: Getting K74 footprint position: (323850000, 114300000)
[board_modifier.py:75]: Searching for optional ST74 footprint in C:\Users\end user\Desktop\Projects\Mechanical Keyboard\Scroller7\scroller7\scroller7.kicad_pcb
[board_modifier.py:80]: Footprint not found
[key_placer.py:774]: Placing additional elements for K32
[board_modifier.py:98]: Getting K32 footprint position: (42862500, 76200000)
[board_modifier.py:75]: Searching for optional ST32 footprint in C:\Users\end user\Desktop\Projects\Mechanical Keyboard\Scroller7\scroller7\scroller7.kicad_pcb
[board_modifier.py:80]: Footprint not found
[key_placer.py:774]: Placing additional elements for K53
[board_modifier.py:98]: Getting K53 footprint position: (166687500, 95250000)
[board_modifier.py:75]: Searching for optional ST53 footprint in C:\Users\end user\Desktop\Projects\Mechanical Keyboard\Scroller7\scroller7\scroller7.kicad_pcb
[board_modifier.py:80]: Footprint not found
[key_placer.py:774]: Placing additional elements for K25
[board_modifier.py:98]: Getting K25 footprint position: (190500000, 57150000)
[board_modifier.py:75]: Searching for optional ST25 footprint in C:\Users\end user\Desktop\Projects\Mechanical Keyboard\Scroller7\scroller7\scroller7.kicad_pcb
[board_modifier.py:80]: Footprint not found
[key_placer.py:774]: Placing additional elements for K30
[board_modifier.py:98]: Getting K30 footprint position: (295275000, 57150000)
[board_modifier.py:75]: Searching for optional ST30 footprint in C:\Users\end user\Desktop\Projects\Mechanical Keyboard\Scroller7\scroller7\scroller7.kicad_pcb
[board_modifier.py:80]: Footprint not found
[key_placer.py:774]: Placing additional elements for K48
[board_modifier.py:98]: Getting K48 footprint position: (71437500, 95250000)
[board_modifier.py:75]: Searching for optional ST48 footprint in C:\Users\end user\Desktop\Projects\Mechanical Keyboard\Scroller7\scroller7\scroller7.kicad_pcb
[board_modifier.py:80]: Footprint not found
[key_placer.py:774]: Placing additional elements for K40
[board_modifier.py:98]: Getting K40 footprint position: (200025000, 76200000)
[board_modifier.py:75]: Searching for optional ST40 footprint in C:\Users\end user\Desktop\Projects\Mechanical Keyboard\Scroller7\scroller7\scroller7.kicad_pcb
[board_modifier.py:80]: Footprint not found
[key_placer.py:774]: Placing additional elements for K62
[board_modifier.py:98]: Getting K62 footprint position: (80962500, 114300000)
[board_modifier.py:75]: Searching for optional ST62 footprint in C:\Users\end user\Desktop\Projects\Mechanical Keyboard\Scroller7\scroller7\scroller7.kicad_pcb
[board_modifier.py:80]: Footprint not found
[key_placer.py:774]: Placing additional elements for K38
[board_modifier.py:98]: Getting K38 footprint position: (161925000, 76200000)
[board_modifier.py:75]: Searching for optional ST38 footprint in C:\Users\end user\Desktop\Projects\Mechanical Keyboard\Scroller7\scroller7\scroller7.kicad_pcb
[board_modifier.py:80]: Footprint not found
[key_placer.py:774]: Placing additional elements for K49
[board_modifier.py:98]: Getting K49 footprint position: (90487500, 95250000)
[board_modifier.py:75]: Searching for optional ST49 footprint in C:\Users\end user\Desktop\Projects\Mechanical Keyboard\Scroller7\scroller7\scroller7.kicad_pcb
[board_modifier.py:80]: Footprint not found
[key_placer.py:774]: Placing additional elements for K51
[board_modifier.py:98]: Getting K51 footprint position: (128587500, 95250000)
[board_modifier.py:75]: Searching for optional ST51 footprint in C:\Users\end user\Desktop\Projects\Mechanical Keyboard\Scroller7\scroller7\scroller7.kicad_pcb
[board_modifier.py:80]: Footprint not found
[key_placer.py:774]: Placing additional elements for K36
[board_modifier.py:98]: Getting K36 footprint position: (123825000, 76200000)
[board_modifier.py:75]: Searching for optional ST36 footprint in C:\Users\end user\Desktop\Projects\Mechanical Keyboard\Scroller7\scroller7\scroller7.kicad_pcb
[board_modifier.py:80]: Footprint not found
[key_placer.py:774]: Placing additional elements for K39
[board_modifier.py:98]: Getting K39 footprint position: (180975000, 76200000)
[board_modifier.py:75]: Searching for optional ST39 footprint in C:\Users\end user\Desktop\Projects\Mechanical Keyboard\Scroller7\scroller7\scroller7.kicad_pcb
[board_modifier.py:80]: Footprint not found
[key_placer.py:774]: Placing additional elements for K4
[board_modifier.py:98]: Getting K4 footprint position: (95250000, 38100000)
[board_modifier.py:75]: Searching for optional ST4 footprint in C:\Users\end user\Desktop\Projects\Mechanical Keyboard\Scroller7\scroller7\scroller7.kicad_pcb
[board_modifier.py:80]: Footprint not found
[key_placer.py:774]: Placing additional elements for K42
[board_modifier.py:98]: Getting K42 footprint position: (238125000, 76200000)
[board_modifier.py:75]: Searching for optional ST42 footprint in C:\Users\end user\Desktop\Projects\Mechanical Keyboard\Scroller7\scroller7\scroller7.kicad_pcb
[board_modifier.py:80]: Footprint not found
[key_placer.py:774]: Placing additional elements for K31
[board_modifier.py:98]: Getting K31 footprint position: (323850000, 57150000)
[board_modifier.py:75]: Searching for optional ST31 footprint in C:\Users\end user\Desktop\Projects\Mechanical Keyboard\Scroller7\scroller7\scroller7.kicad_pcb
[board_modifier.py:80]: Footprint not found
[key_placer.py:774]: Placing additional elements for K79
[board_modifier.py:98]: Getting K79 footprint position: (228600000, 133350000)
[board_modifier.py:75]: Searching for optional ST79 footprint in C:\Users\end user\Desktop\Projects\Mechanical Keyboard\Scroller7\scroller7\scroller7.kicad_pcb
[board_modifier.py:80]: Footprint not found
[key_placer.py:774]: Placing additional elements for K84
[board_modifier.py:98]: Getting K84 footprint position: (323850000, 133350000)
[board_modifier.py:75]: Searching for optional ST84 footprint in C:\Users\end user\Desktop\Projects\Mechanical Keyboard\Scroller7\scroller7\scroller7.kicad_pcb
[board_modifier.py:80]: Footprint not found
[key_placer.py:774]: Placing additional elements for K81
[board_modifier.py:98]: Getting K81 footprint position: (266700000, 133350000)
[board_modifier.py:75]: Searching for optional ST81 footprint in C:\Users\end user\Desktop\Projects\Mechanical Keyboard\Scroller7\scroller7\scroller7.kicad_pcb
[board_modifier.py:80]: Footprint not found
[key_placer.py:774]: Placing additional elements for K58
[board_modifier.py:98]: Getting K58 footprint position: (261937500, 95250000)
[board_modifier.py:75]: Searching for optional ST58 footprint in C:\Users\end user\Desktop\Projects\Mechanical Keyboard\Scroller7\scroller7\scroller7.kicad_pcb
[board_modifier.py:80]: Footprint not found
[key_placer.py:774]: Placing additional elements for K35
[board_modifier.py:98]: Getting K35 footprint position: (104775000, 76200000)
[board_modifier.py:75]: Searching for optional ST35 footprint in C:\Users\end user\Desktop\Projects\Mechanical Keyboard\Scroller7\scroller7\scroller7.kicad_pcb
[board_modifier.py:80]: Footprint not found
[key_placer.py:774]: Placing additional elements for K10
[board_modifier.py:98]: Getting K10 footprint position: (209550000, 38100000)
[board_modifier.py:75]: Searching for optional ST10 footprint in C:\Users\end user\Desktop\Projects\Mechanical Keyboard\Scroller7\scroller7\scroller7.kicad_pcb
[board_modifier.py:80]: Footprint not found
[key_placer.py:774]: Placing additional elements for K72
[board_modifier.py:98]: Getting K72 footprint position: (278606250, 114300000)
[board_modifier.py:75]: Searching for optional ST72 footprint in C:\Users\end user\Desktop\Projects\Mechanical Keyboard\Scroller7\scroller7\scroller7.kicad_pcb
[board_modifier.py:80]: Footprint not found
[key_placer.py:774]: Placing additional elements for K29
[board_modifier.py:98]: Getting K29 footprint position: (266700000, 57150000)
[board_modifier.py:75]: Searching for optional ST29 footprint in C:\Users\end user\Desktop\Projects\Mechanical Keyboard\Scroller7\scroller7\scroller7.kicad_pcb
[board_modifier.py:80]: Footprint not found
[key_placer.py:774]: Placing additional elements for K2
[board_modifier.py:98]: Getting K2 footprint position: (57150000, 38100000)
[board_modifier.py:75]: Searching for optional ST2 footprint in C:\Users\end user\Desktop\Projects\Mechanical Keyboard\Scroller7\scroller7\scroller7.kicad_pcb
[board_modifier.py:80]: Footprint not found
[key_placer.py:774]: Placing additional elements for K15
[board_modifier.py:98]: Getting K15 footprint position: (304800000, 38100000)
[board_modifier.py:75]: Searching for optional ST15 footprint in C:\Users\end user\Desktop\Projects\Mechanical Keyboard\Scroller7\scroller7\scroller7.kicad_pcb
[board_modifier.py:80]: Footprint not found
[key_placer.py:774]: Placing additional elements for K56
[board_modifier.py:98]: Getting K56 footprint position: (223837500, 95250000)
[board_modifier.py:75]: Searching for optional ST56 footprint in C:\Users\end user\Desktop\Projects\Mechanical Keyboard\Scroller7\scroller7\scroller7.kicad_pcb
[board_modifier.py:80]: Footprint not found
[key_placer.py:774]: Placing additional elements for K13
[board_modifier.py:98]: Getting K13 footprint position: (266700000, 38100000)
[board_modifier.py:75]: Searching for optional ST13 footprint in C:\Users\end user\Desktop\Projects\Mechanical Keyboard\Scroller7\scroller7\scroller7.kicad_pcb
[board_modifier.py:80]: Footprint not found
[key_placer.py:774]: Placing additional elements for K37
[board_modifier.py:98]: Getting K37 footprint position: (142875000, 76200000)
[board_modifier.py:75]: Searching for optional ST37 footprint in C:\Users\end user\Desktop\Projects\Mechanical Keyboard\Scroller7\scroller7\scroller7.kicad_pcb
[board_modifier.py:80]: Footprint not found
[key_placer.py:774]: Placing additional elements for K16
[board_modifier.py:98]: Getting K16 footprint position: (323850000, 38100000)
[board_modifier.py:75]: Searching for optional ST16 footprint in C:\Users\end user\Desktop\Projects\Mechanical Keyboard\Scroller7\scroller7\scroller7.kicad_pcb
[board_modifier.py:80]: Footprint not found
[key_placer.py:774]: Placing additional elements for K33
[board_modifier.py:98]: Getting K33 footprint position: (66675000, 76200000)
[board_modifier.py:75]: Searching for optional ST33 footprint in C:\Users\end user\Desktop\Projects\Mechanical Keyboard\Scroller7\scroller7\scroller7.kicad_pcb
[board_modifier.py:80]: Footprint not found
[key_placer.py:774]: Placing additional elements for K69
[board_modifier.py:98]: Getting K69 footprint position: (214312500, 114300000)
[board_modifier.py:75]: Searching for optional ST69 footprint in C:\Users\end user\Desktop\Projects\Mechanical Keyboard\Scroller7\scroller7\scroller7.kicad_pcb
[board_modifier.py:80]: Footprint not found
[key_placer.py:774]: Placing additional elements for K73
[board_modifier.py:98]: Getting K73 footprint position: (304800000, 114300000)
[board_modifier.py:75]: Searching for optional ST73 footprint in C:\Users\end user\Desktop\Projects\Mechanical Keyboard\Scroller7\scroller7\scroller7.kicad_pcb
[board_modifier.py:80]: Footprint not found
[key_placer.py:774]: Placing additional elements for K34
[board_modifier.py:98]: Getting K34 footprint position: (85725000, 76200000)
[board_modifier.py:75]: Searching for optional ST34 footprint in C:\Users\end user\Desktop\Projects\Mechanical Keyboard\Scroller7\scroller7\scroller7.kicad_pcb
[board_modifier.py:80]: Footprint not found
[key_placer.py:774]: Placing additional elements for K47
[board_modifier.py:98]: Getting K47 footprint position: (45243750, 95250000)
[board_modifier.py:75]: Searching for optional ST47 footprint in C:\Users\end user\Desktop\Projects\Mechanical Keyboard\Scroller7\scroller7\scroller7.kicad_pcb
[board_modifier.py:80]: Footprint not found
[key_placer.py:774]: Placing additional elements for K65
[board_modifier.py:98]: Getting K65 footprint position: (138112500, 114300000)
[board_modifier.py:75]: Searching for optional ST65 footprint in C:\Users\end user\Desktop\Projects\Mechanical Keyboard\Scroller7\scroller7\scroller7.kicad_pcb
[board_modifier.py:80]: Footprint not found
[key_placer.py:774]: Placing additional elements for K80
[board_modifier.py:98]: Getting K80 footprint position: (247650000, 133350000)
[board_modifier.py:75]: Searching for optional ST80 footprint in C:\Users\end user\Desktop\Projects\Mechanical Keyboard\Scroller7\scroller7\scroller7.kicad_pcb
[board_modifier.py:80]: Footprint not found
[key_placer.py:774]: Placing additional elements for K14
[board_modifier.py:98]: Getting K14 footprint position: (285750000, 38100000)
[board_modifier.py:75]: Searching for optional ST14 footprint in C:\Users\end user\Desktop\Projects\Mechanical Keyboard\Scroller7\scroller7\scroller7.kicad_pcb
[board_modifier.py:80]: Footprint not found
[key_placer.py:774]: Placing additional elements for K45
[board_modifier.py:98]: Getting K45 footprint position: (300037500, 76200000)
[board_modifier.py:75]: Searching for optional ST45 footprint in C:\Users\end user\Desktop\Projects\Mechanical Keyboard\Scroller7\scroller7\scroller7.kicad_pcb
[board_modifier.py:80]: Footprint not found
[key_placer.py:774]: Placing additional elements for K26
[board_modifier.py:98]: Getting K26 footprint position: (209550000, 57150000)
[board_modifier.py:75]: Searching for optional ST26 footprint in C:\Users\end user\Desktop\Projects\Mechanical Keyboard\Scroller7\scroller7\scroller7.kicad_pcb
[board_modifier.py:80]: Footprint not found
[key_placer.py:774]: Placing additional elements for K67
[board_modifier.py:98]: Getting K67 footprint position: (176212500, 114300000)
[board_modifier.py:75]: Searching for optional ST67 footprint in C:\Users\end user\Desktop\Projects\Mechanical Keyboard\Scroller7\scroller7\scroller7.kicad_pcb
[board_modifier.py:80]: Footprint not found
[key_placer.py:774]: Placing additional elements for K68
[board_modifier.py:98]: Getting K68 footprint position: (195262500, 114300000)
[board_modifier.py:75]: Searching for optional ST68 footprint in C:\Users\end user\Desktop\Projects\Mechanical Keyboard\Scroller7\scroller7\scroller7.kicad_pcb
[board_modifier.py:80]: Footprint not found
[key_placer.py:774]: Placing additional elements for K24
[board_modifier.py:98]: Getting K24 footprint position: (171450000, 57150000)
[board_modifier.py:75]: Searching for optional ST24 footprint in C:\Users\end user\Desktop\Projects\Mechanical Keyboard\Scroller7\scroller7\scroller7.kicad_pcb
[board_modifier.py:80]: Footprint not found
[key_placer.py:774]: Placing additional elements for K82
[board_modifier.py:98]: Getting K82 footprint position: (285750000, 133350000)
[board_modifier.py:75]: Searching for optional ST82 footprint in C:\Users\end user\Desktop\Projects\Mechanical Keyboard\Scroller7\scroller7\scroller7.kicad_pcb
[board_modifier.py:80]: Footprint not found
[key_placer.py:774]: Placing additional elements for K66
[board_modifier.py:98]: Getting K66 footprint position: (157162500, 114300000)
[board_modifier.py:75]: Searching for optional ST66 footprint in C:\Users\end user\Desktop\Projects\Mechanical Keyboard\Scroller7\scroller7\scroller7.kicad_pcb
[board_modifier.py:80]: Footprint not found
[key_placer.py:774]: Placing additional elements for K17
[board_modifier.py:98]: Getting K17 footprint position: (38100000, 57150000)
[board_modifier.py:75]: Searching for optional ST17 footprint in C:\Users\end user\Desktop\Projects\Mechanical Keyboard\Scroller7\scroller7\scroller7.kicad_pcb
[board_modifier.py:80]: Footprint not found
[key_placer.py:774]: Placing additional elements for K6
[board_modifier.py:98]: Getting K6 footprint position: (133350000, 38100000)
[board_modifier.py:75]: Searching for optional ST6 footprint in C:\Users\end user\Desktop\Projects\Mechanical Keyboard\Scroller7\scroller7\scroller7.kicad_pcb
[board_modifier.py:80]: Footprint not found
[key_placer.py:774]: Placing additional elements for K61
[board_modifier.py:98]: Getting K61 footprint position: (50006250, 114300000)
[board_modifier.py:75]: Searching for optional ST61 footprint in C:\Users\end user\Desktop\Projects\Mechanical Keyboard\Scroller7\scroller7\scroller7.kicad_pcb
[board_modifier.py:80]: Footprint not found
[key_placer.py:819]: Routing Net-(U2-IO3_6) pads
[board_modifier.py:518]: Could not route pads, no common layers found
[key_placer.py:819]: Routing Net-(U2-IO1_1) pads
[board_modifier.py:518]: Could not route pads, no common layers found
[key_placer.py:819]: Routing Net-(U3-IO0_5) pads
[board_modifier.py:518]: Could not route pads, no common layers found
[key_placer.py:819]: Routing Net-(U2-IO3_0) pads
[board_modifier.py:518]: Could not route pads, no common layers found
[key_placer.py:819]: Routing Net-(U3-IO0_1) pads
[board_modifier.py:518]: Could not route pads, no common layers found
[key_placer.py:819]: Routing Net-(U2-IO2_4) pads
[board_modifier.py:518]: Could not route pads, no common layers found
[key_placer.py:819]: Routing Net-(U2-IO2_5) pads
[board_modifier.py:518]: Could not route pads, no common layers found
[key_placer.py:819]: Routing gnd pads
[board_modifier.py:522]: Routing at B.Cu layer
[board_modifier.py:539]: Netclass: Default, track width: 200000
[board_modifier.py:601]: Routing pad 'K1:1' at (34600000, 32100000) with pad 'K17:1' at (34600000, 51150000) using coordinate system rotated by 0 degree(s)
[board_modifier.py:445]: Adding track segment (B.Cu): [(34600000, 32100000), (34600000, 51150000)]
[board_modifier.py:450]: Track added
[board_modifier.py:522]: Routing at B.Cu layer
[board_modifier.py:539]: Netclass: Default, track width: 200000
[board_modifier.py:601]: Routing pad 'K61:1' at (46506250, 108300000) with pad 'K75:1' at (36981250, 127350000) using coordinate system rotated by 0 degree(s)
[board_modifier.py:445]: Adding track segment (B.Cu): [(46506250, 108300000), (46506250, 117825000)]
[board_modifier.py:450]: Track added
[board_modifier.py:445]: Adding track segment (B.Cu): [(46506250, 117825000), (36981250, 127350000)]
[board_modifier.py:450]: Track added
[board_modifier.py:522]: Routing at B.Cu layer
[board_modifier.py:539]: Netclass: Default, track width: 200000
[board_modifier.py:601]: Routing pad 'K17:1' at (34600000, 51150000) with pad 'K32:1' at (39362500, 70200000) using coordinate system rotated by 0 degree(s)
[board_modifier.py:445]: Adding track segment (B.Cu): [(34600000, 51150000), (34600000, 65437500)]
[board_modifier.py:450]: Track added
[board_modifier.py:445]: Adding track segment (B.Cu): [(34600000, 65437500), (39362500, 70200000)]
[board_modifier.py:450]: Track added
[board_modifier.py:522]: Routing at B.Cu layer
[board_modifier.py:539]: Netclass: Default, track width: 200000
[board_modifier.py:601]: Routing pad 'K32:1' at (39362500, 70200000) with pad 'K47:1' at (41743750, 89250000) using coordinate system rotated by 0 degree(s)
[board_modifier.py:445]: Adding track segment (B.Cu): [(39362500, 70200000), (39362500, 86868750)]
[board_modifier.py:450]: Track added
[board_modifier.py:445]: Adding track segment (B.Cu): [(39362500, 86868750), (41743750, 89250000)]
[board_modifier.py:450]: Track added
[board_modifier.py:522]: Routing at B.Cu layer
[board_modifier.py:539]: Netclass: Default, track width: 200000
[board_modifier.py:601]: Routing pad 'K47:1' at (41743750, 89250000) with pad 'K61:1' at (46506250, 108300000) using coordinate system rotated by 0 degree(s)
[board_modifier.py:445]: Adding track segment (B.Cu): [(41743750, 89250000), (41743750, 103537500)]
[board_modifier.py:450]: Track added
[board_modifier.py:445]: Adding track segment (B.Cu): [(41743750, 103537500), (46506250, 108300000)]
[board_modifier.py:450]: Track added
[board_modifier.py:522]: Routing at B.Cu layer
[board_modifier.py:539]: Netclass: Default, track width: 200000
[board_modifier.py:601]: Routing pad 'K1:1' at (34600000, 32100000) with pad 'K2:1' at (53650000, 32100000) using coordinate system rotated by 0 degree(s)
[board_modifier.py:445]: Adding track segment (B.Cu): [(34600000, 32100000), (53650000, 32100000)]
[board_modifier.py:455]: Could not add track segment due to detected collision
[board_modifier.py:522]: Routing at B.Cu layer
[board_modifier.py:539]: Netclass: Default, track width: 200000
[board_modifier.py:601]: Routing pad 'K17:1' at (34600000, 51150000) with pad 'K18:1' at (53650000, 51150000) using coordinate system rotated by 0 degree(s)
[board_modifier.py:445]: Adding track segment (B.Cu): [(34600000, 51150000), (53650000, 51150000)]
[board_modifier.py:455]: Could not add track segment due to detected collision
[board_modifier.py:522]: Routing at B.Cu layer
[board_modifier.py:539]: Netclass: Default, track width: 200000
[board_modifier.py:601]: Routing pad 'K61:1' at (46506250, 108300000) with pad 'K76:1' at (60793750, 127350000) using coordinate system rotated by 0 degree(s)
[board_modifier.py:445]: Adding track segment (B.Cu): [(46506250, 108300000), (46506250, 113062500)]
[board_modifier.py:450]: Track added
[board_modifier.py:445]: Adding track segment (B.Cu): [(46506250, 113062500), (60793750, 127350000)]
[board_modifier.py:455]: Could not add track segment due to detected collision
[board_modifier.py:445]: Adding track segment (B.Cu): [(46506250, 108300000), (60793750, 122587500)]
[board_modifier.py:455]: Could not add track segment due to detected collision
[board_modifier.py:522]: Routing at B.Cu layer
[board_modifier.py:539]: Netclass: Default, track width: 200000
[board_modifier.py:601]: Routing pad 'K18:1' at (53650000, 51150000) with pad 'K33:1' at (63175000, 70200000) using coordinate system rotated by 0 degree(s)
[board_modifier.py:445]: Adding track segment (B.Cu): [(53650000, 51150000), (53650000, 60675000)]
[board_modifier.py:450]: Track added
[board_modifier.py:445]: Adding track segment (B.Cu): [(53650000, 60675000), (63175000, 70200000)]
[board_modifier.py:450]: Track added
[board_modifier.py:522]: Routing at B.Cu layer
[board_modifier.py:539]: Netclass: Default, track width: 200000
[board_modifier.py:601]: Routing pad 'K33:1' at (63175000, 70200000) with pad 'K48:1' at (67937500, 89250000) using coordinate system rotated by 0 degree(s)
[board_modifier.py:445]: Adding track segment (B.Cu): [(63175000, 70200000), (63175000, 84487500)]
[board_modifier.py:450]: Track added
[board_modifier.py:445]: Adding track segment (B.Cu): [(63175000, 84487500), (67937500, 89250000)]
[board_modifier.py:450]: Track added
[board_modifier.py:522]: Routing at B.Cu layer
[board_modifier.py:539]: Netclass: Default, track width: 200000
[board_modifier.py:601]: Routing pad 'K2:1' at (53650000, 32100000) with pad 'K3:1' at (72700000, 32100000) using coordinate system rotated by 0 degree(s)
[board_modifier.py:445]: Adding track segment (B.Cu): [(53650000, 32100000), (72700000, 32100000)]
[board_modifier.py:455]: Could not add track segment due to detected collision
[board_modifier.py:522]: Routing at B.Cu layer
[board_modifier.py:539]: Netclass: Default, track width: 200000
[board_modifier.py:601]: Routing pad 'K18:1' at (53650000, 51150000) with pad 'K19:1' at (72700000, 51150000) using coordinate system rotated by 0 degree(s)
[board_modifier.py:445]: Adding track segment (B.Cu): [(53650000, 51150000), (72700000, 51150000)]
[board_modifier.py:455]: Could not add track segment due to detected collision
[board_modifier.py:522]: Routing at B.Cu layer
[board_modifier.py:539]: Netclass: Default, track width: 200000
[board_modifier.py:601]: Routing pad 'K48:1' at (67937500, 89250000) with pad 'K62:1' at (77462500, 108300000) using coordinate system rotated by 0 degree(s)
[board_modifier.py:445]: Adding track segment (B.Cu): [(67937500, 89250000), (67937500, 98775000)]
[board_modifier.py:450]: Track added
[board_modifier.py:445]: Adding track segment (B.Cu): [(67937500, 98775000), (77462500, 108300000)]
[board_modifier.py:450]: Track added
[board_modifier.py:522]: Routing at B.Cu layer
[board_modifier.py:539]: Netclass: Default, track width: 200000
[board_modifier.py:601]: Routing pad 'K33:1' at (63175000, 70200000) with pad 'K34:1' at (82225000, 70200000) using coordinate system rotated by 0 degree(s)
[board_modifier.py:445]: Adding track segment (B.Cu): [(63175000, 70200000), (82225000, 70200000)]
[board_modifier.py:455]: Could not add track segment due to detected collision
[board_modifier.py:522]: Routing at B.Cu layer
[board_modifier.py:539]: Netclass: Default, track width: 200000
[board_modifier.py:601]: Routing pad 'K62:1' at (77462500, 108300000) with pad 'K77:1' at (84606250, 127350000) using coordinate system rotated by 0 degree(s)
[board_modifier.py:445]: Adding track segment (B.Cu): [(77462500, 108300000), (77462500, 120206250)]
[board_modifier.py:450]: Track added
[board_modifier.py:445]: Adding track segment (B.Cu): [(77462500, 120206250), (84606250, 127350000)]
[board_modifier.py:450]: Track added
[board_modifier.py:522]: Routing at B.Cu layer
[board_modifier.py:539]: Netclass: Default, track width: 200000
[board_modifier.py:601]: Routing pad 'K48:1' at (67937500, 89250000) with pad 'K49:1' at (86987500, 89250000) using coordinate system rotated by 0 degree(s)
[board_modifier.py:445]: Adding track segment (B.Cu): [(67937500, 89250000), (86987500, 89250000)]
[board_modifier.py:455]: Could not add track segment due to detected collision
[board_modifier.py:522]: Routing at B.Cu layer
[board_modifier.py:539]: Netclass: Default, track width: 200000
[board_modifier.py:601]: Routing pad 'K3:1' at (72700000, 32100000) with pad 'K4:1' at (91750000, 32100000) using coordinate system rotated by 0 degree(s)
[board_modifier.py:445]: Adding track segment (B.Cu): [(72700000, 32100000), (91750000, 32100000)]
[board_modifier.py:455]: Could not add track segment due to detected collision
[board_modifier.py:522]: Routing at B.Cu layer
[board_modifier.py:539]: Netclass: Default, track width: 200000
[board_modifier.py:601]: Routing pad 'K19:1' at (72700000, 51150000) with pad 'K20:1' at (91750000, 51150000) using coordinate system rotated by 0 degree(s)
[board_modifier.py:445]: Adding track segment (B.Cu): [(72700000, 51150000), (91750000, 51150000)]
[board_modifier.py:455]: Could not add track segment due to detected collision
[board_modifier.py:522]: Routing at B.Cu layer
[board_modifier.py:539]: Netclass: Default, track width: 200000
[board_modifier.py:601]: Routing pad 'K62:1' at (77462500, 108300000) with pad 'K63:1' at (96512500, 108300000) using coordinate system rotated by 0 degree(s)
[board_modifier.py:445]: Adding track segment (B.Cu): [(77462500, 108300000), (96512500, 108300000)]
[board_modifier.py:455]: Could not add track segment due to detected collision
[board_modifier.py:522]: Routing at B.Cu layer
[board_modifier.py:539]: Netclass: Default, track width: 200000
[board_modifier.py:601]: Routing pad 'K34:1' at (82225000, 70200000) with pad 'K35:1' at (101275000, 70200000) using coordinate system rotated by 0 degree(s)
[board_modifier.py:445]: Adding track segment (B.Cu): [(82225000, 70200000), (101275000, 70200000)]
[board_modifier.py:455]: Could not add track segment due to detected collision
[board_modifier.py:522]: Routing at B.Cu layer
[board_modifier.py:539]: Netclass: Default, track width: 200000
[board_modifier.py:601]: Routing pad 'K49:1' at (86987500, 89250000) with pad 'K50:1' at (106037500, 89250000) using coordinate system rotated by 0 degree(s)
[board_modifier.py:445]: Adding track segment (B.Cu): [(86987500, 89250000), (106037500, 89250000)]
[board_modifier.py:455]: Could not add track segment due to detected collision
[board_modifier.py:522]: Routing at B.Cu layer
[board_modifier.py:539]: Netclass: Default, track width: 200000
[board_modifier.py:601]: Routing pad 'K4:1' at (91750000, 32100000) with pad 'K5:1' at (110800000, 32100000) using coordinate system rotated by 0 degree(s)
[board_modifier.py:445]: Adding track segment (B.Cu): [(91750000, 32100000), (110800000, 32100000)]
[board_modifier.py:455]: Could not add track segment due to detected collision
[board_modifier.py:522]: Routing at B.Cu layer
[board_modifier.py:539]: Netclass: Default, track width: 200000
[board_modifier.py:601]: Routing pad 'K20:1' at (91750000, 51150000) with pad 'K21:1' at (110800000, 51150000) using coordinate system rotated by 0 degree(s)
[board_modifier.py:445]: Adding track segment (B.Cu): [(91750000, 51150000), (110800000, 51150000)]
[board_modifier.py:455]: Could not add track segment due to detected collision
[board_modifier.py:522]: Routing at B.Cu layer
[board_modifier.py:539]: Netclass: Default, track width: 200000
[board_modifier.py:601]: Routing pad 'K63:1' at (96512500, 108300000) with pad 'K64:1' at (115562500, 108300000) using coordinate system rotated by 0 degree(s)
[board_modifier.py:445]: Adding track segment (B.Cu): [(96512500, 108300000), (115562500, 108300000)]
[board_modifier.py:455]: Could not add track segment due to detected collision
[board_modifier.py:522]: Routing at B.Cu layer
[board_modifier.py:539]: Netclass: Default, track width: 200000
[board_modifier.py:601]: Routing pad 'K35:1' at (101275000, 70200000) with pad 'K36:1' at (120325000, 70200000) using coordinate system rotated by 0 degree(s)
[board_modifier.py:445]: Adding track segment (B.Cu): [(101275000, 70200000), (120325000, 70200000)]
[board_modifier.py:455]: Could not add track segment due to detected collision
[board_modifier.py:522]: Routing at B.Cu layer
[board_modifier.py:539]: Netclass: Default, track width: 200000
[board_modifier.py:601]: Routing pad 'K50:1' at (106037500, 89250000) with pad 'K51:1' at (125087500, 89250000) using coordinate system rotated by 0 degree(s)
[board_modifier.py:445]: Adding track segment (B.Cu): [(106037500, 89250000), (125087500, 89250000)]
[board_modifier.py:455]: Could not add track segment due to detected collision
[board_modifier.py:522]: Routing at B.Cu layer
[board_modifier.py:539]: Netclass: Default, track width: 200000
[board_modifier.py:601]: Routing pad 'K5:1' at (110800000, 32100000) with pad 'K6:1' at (129850000, 32100000) using coordinate system rotated by 0 degree(s)
[board_modifier.py:445]: Adding track segment (B.Cu): [(110800000, 32100000), (129850000, 32100000)]
[board_modifier.py:455]: Could not add track segment due to detected collision
[board_modifier.py:522]: Routing at B.Cu layer
[board_modifier.py:539]: Netclass: Default, track width: 200000
[board_modifier.py:601]: Routing pad 'K21:1' at (110800000, 51150000) with pad 'K22:1' at (129850000, 51150000) using coordinate system rotated by 0 degree(s)
[board_modifier.py:445]: Adding track segment (B.Cu): [(110800000, 51150000), (129850000, 51150000)]
[board_modifier.py:455]: Could not add track segment due to detected collision
[board_modifier.py:522]: Routing at B.Cu layer
[board_modifier.py:539]: Netclass: Default, track width: 200000
[board_modifier.py:601]: Routing pad 'K64:1' at (115562500, 108300000) with pad 'K65:1' at (134612500, 108300000) using coordinate system rotated by 0 degree(s)
[board_modifier.py:445]: Adding track segment (B.Cu): [(115562500, 108300000), (134612500, 108300000)]
[board_modifier.py:455]: Could not add track segment due to detected collision
[board_modifier.py:522]: Routing at B.Cu layer
[board_modifier.py:539]: Netclass: Default, track width: 200000
[board_modifier.py:601]: Routing pad 'K36:1' at (120325000, 70200000) with pad 'K37:1' at (139375000, 70200000) using coordinate system rotated by 0 degree(s)
[board_modifier.py:445]: Adding track segment (B.Cu): [(120325000, 70200000), (139375000, 70200000)]
[board_modifier.py:455]: Could not add track segment due to detected collision
[board_modifier.py:522]: Routing at B.Cu layer
[board_modifier.py:539]: Netclass: Default, track width: 200000
[board_modifier.py:601]: Routing pad 'K51:1' at (125087500, 89250000) with pad 'K52:1' at (144137500, 89250000) using coordinate system rotated by 0 degree(s)
[board_modifier.py:445]: Adding track segment (B.Cu): [(125087500, 89250000), (144137500, 89250000)]
[board_modifier.py:455]: Could not add track segment due to detected collision
[board_modifier.py:522]: Routing at B.Cu layer
[board_modifier.py:539]: Netclass: Default, track width: 200000
[board_modifier.py:601]: Routing pad 'K6:1' at (129850000, 32100000) with pad 'K7:1' at (148900000, 32100000) using coordinate system rotated by 0 degree(s)
[board_modifier.py:445]: Adding track segment (B.Cu): [(129850000, 32100000), (148900000, 32100000)]
[board_modifier.py:455]: Could not add track segment due to detected collision
[board_modifier.py:522]: Routing at B.Cu layer
[board_modifier.py:539]: Netclass: Default, track width: 200000
[board_modifier.py:601]: Routing pad 'K22:1' at (129850000, 51150000) with pad 'K23:1' at (148900000, 51150000) using coordinate system rotated by 0 degree(s)
[board_modifier.py:445]: Adding track segment (B.Cu): [(129850000, 51150000), (148900000, 51150000)]
[board_modifier.py:455]: Could not add track segment due to detected collision
[board_modifier.py:522]: Routing at B.Cu layer
[board_modifier.py:539]: Netclass: Default, track width: 200000
[board_modifier.py:601]: Routing pad 'K65:1' at (134612500, 108300000) with pad 'K66:1' at (153662500, 108300000) using coordinate system rotated by 0 degree(s)
[board_modifier.py:445]: Adding track segment (B.Cu): [(134612500, 108300000), (153662500, 108300000)]
[board_modifier.py:455]: Could not add track segment due to detected collision
[board_modifier.py:522]: Routing at B.Cu layer
[board_modifier.py:539]: Netclass: Default, track width: 200000
[board_modifier.py:601]: Routing pad 'K66:1' at (153662500, 108300000) with pad 'K78:1' at (156043750, 127350000) using coordinate system rotated by 0 degree(s)
[board_modifier.py:445]: Adding track segment (B.Cu): [(153662500, 108300000), (153662500, 124968750)]
[board_modifier.py:450]: Track added
[board_modifier.py:445]: Adding track segment (B.Cu): [(153662500, 124968750), (156043750, 127350000)]
[board_modifier.py:450]: Track added
[board_modifier.py:522]: Routing at B.Cu layer
[board_modifier.py:539]: Netclass: Default, track width: 200000
[board_modifier.py:601]: Routing pad 'K37:1' at (139375000, 70200000) with pad 'K38:1' at (158425000, 70200000) using coordinate system rotated by 0 degree(s)
[board_modifier.py:445]: Adding track segment (B.Cu): [(139375000, 70200000), (158425000, 70200000)]
[board_modifier.py:455]: Could not add track segment due to detected collision
[board_modifier.py:522]: Routing at B.Cu layer
[board_modifier.py:539]: Netclass: Default, track width: 200000
[board_modifier.py:601]: Routing pad 'K52:1' at (144137500, 89250000) with pad 'K53:1' at (163187500, 89250000) using coordinate system rotated by 0 degree(s)
[board_modifier.py:445]: Adding track segment (B.Cu): [(144137500, 89250000), (163187500, 89250000)]
[board_modifier.py:455]: Could not add track segment due to detected collision
[board_modifier.py:522]: Routing at B.Cu layer
[board_modifier.py:539]: Netclass: Default, track width: 200000
[board_modifier.py:601]: Routing pad 'K7:1' at (148900000, 32100000) with pad 'K8:1' at (167950000, 32100000) using coordinate system rotated by 0 degree(s)
[board_modifier.py:445]: Adding track segment (B.Cu): [(148900000, 32100000), (167950000, 32100000)]
[board_modifier.py:455]: Could not add track segment due to detected collision
[board_modifier.py:522]: Routing at B.Cu layer
[board_modifier.py:539]: Netclass: Default, track width: 200000
[board_modifier.py:601]: Routing pad 'K23:1' at (148900000, 51150000) with pad 'K24:1' at (167950000, 51150000) using coordinate system rotated by 0 degree(s)
[board_modifier.py:445]: Adding track segment (B.Cu): [(148900000, 51150000), (167950000, 51150000)]
[board_modifier.py:455]: Could not add track segment due to detected collision
[board_modifier.py:522]: Routing at B.Cu layer
[board_modifier.py:539]: Netclass: Default, track width: 200000
[board_modifier.py:601]: Routing pad 'K66:1' at (153662500, 108300000) with pad 'K67:1' at (172712500, 108300000) using coordinate system rotated by 0 degree(s)
[board_modifier.py:445]: Adding track segment (B.Cu): [(153662500, 108300000), (172712500, 108300000)]
[board_modifier.py:455]: Could not add track segment due to detected collision
[board_modifier.py:522]: Routing at B.Cu layer
[board_modifier.py:539]: Netclass: Default, track width: 200000
[board_modifier.py:601]: Routing pad 'K38:1' at (158425000, 70200000) with pad 'K39:1' at (177475000, 70200000) using coordinate system rotated by 0 degree(s)
[board_modifier.py:445]: Adding track segment (B.Cu): [(158425000, 70200000), (177475000, 70200000)]
[board_modifier.py:455]: Could not add track segment due to detected collision
[board_modifier.py:522]: Routing at B.Cu layer
[board_modifier.py:539]: Netclass: Default, track width: 200000
[board_modifier.py:601]: Routing pad 'K53:1' at (163187500, 89250000) with pad 'K54:1' at (182237500, 89250000) using coordinate system rotated by 0 degree(s)
[board_modifier.py:445]: Adding track segment (B.Cu): [(163187500, 89250000), (182237500, 89250000)]
[board_modifier.py:455]: Could not add track segment due to detected collision
[board_modifier.py:522]: Routing at B.Cu layer
[board_modifier.py:539]: Netclass: Default, track width: 200000
[board_modifier.py:601]: Routing pad 'K8:1' at (167950000, 32100000) with pad 'K9:1' at (187000000, 32100000) using coordinate system rotated by 0 degree(s)
[board_modifier.py:445]: Adding track segment (B.Cu): [(167950000, 32100000), (187000000, 32100000)]
[board_modifier.py:455]: Could not add track segment due to detected collision
[board_modifier.py:522]: Routing at B.Cu layer
[board_modifier.py:539]: Netclass: Default, track width: 200000
[board_modifier.py:601]: Routing pad 'K24:1' at (167950000, 51150000) with pad 'K25:1' at (187000000, 51150000) using coordinate system rotated by 0 degree(s)
[board_modifier.py:445]: Adding track segment (B.Cu): [(167950000, 51150000), (187000000, 51150000)]
[board_modifier.py:455]: Could not add track segment due to detected collision
[board_modifier.py:522]: Routing at B.Cu layer
[board_modifier.py:539]: Netclass: Default, track width: 200000
[board_modifier.py:601]: Routing pad 'K67:1' at (172712500, 108300000) with pad 'K68:1' at (191762500, 108300000) using coordinate system rotated by 0 degree(s)
[board_modifier.py:445]: Adding track segment (B.Cu): [(172712500, 108300000), (191762500, 108300000)]
[board_modifier.py:455]: Could not add track segment due to detected collision
[board_modifier.py:522]: Routing at B.Cu layer
[board_modifier.py:539]: Netclass: Default, track width: 200000
[board_modifier.py:601]: Routing pad 'K39:1' at (177475000, 70200000) with pad 'K40:1' at (196525000, 70200000) using coordinate system rotated by 0 degree(s)
[board_modifier.py:445]: Adding track segment (B.Cu): [(177475000, 70200000), (196525000, 70200000)]
[board_modifier.py:455]: Could not add track segment due to detected collision
[board_modifier.py:522]: Routing at B.Cu layer
[board_modifier.py:539]: Netclass: Default, track width: 200000
[board_modifier.py:601]: Routing pad 'K54:1' at (182237500, 89250000) with pad 'K55:1' at (201287500, 89250000) using coordinate system rotated by 0 degree(s)
[board_modifier.py:445]: Adding track segment (B.Cu): [(182237500, 89250000), (201287500, 89250000)]
[board_modifier.py:455]: Could not add track segment due to detected collision
[board_modifier.py:522]: Routing at B.Cu layer
[board_modifier.py:539]: Netclass: Default, track width: 200000
[board_modifier.py:601]: Routing pad 'K9:1' at (187000000, 32100000) with pad 'K10:1' at (206050000, 32100000) using coordinate system rotated by 0 degree(s)
[board_modifier.py:445]: Adding track segment (B.Cu): [(187000000, 32100000), (206050000, 32100000)]
[board_modifier.py:455]: Could not add track segment due to detected collision
[board_modifier.py:522]: Routing at B.Cu layer
[board_modifier.py:539]: Netclass: Default, track width: 200000
[board_modifier.py:601]: Routing pad 'K25:1' at (187000000, 51150000) with pad 'K26:1' at (206050000, 51150000) using coordinate system rotated by 0 degree(s)
[board_modifier.py:445]: Adding track segment (B.Cu): [(187000000, 51150000), (206050000, 51150000)]
[board_modifier.py:455]: Could not add track segment due to detected collision
[board_modifier.py:522]: Routing at B.Cu layer
[board_modifier.py:539]: Netclass: Default, track width: 200000
[board_modifier.py:601]: Routing pad 'K68:1' at (191762500, 108300000) with pad 'K69:1' at (210812500, 108300000) using coordinate system rotated by 0 degree(s)
[board_modifier.py:445]: Adding track segment (B.Cu): [(191762500, 108300000), (210812500, 108300000)]
[board_modifier.py:455]: Could not add track segment due to detected collision
[board_modifier.py:522]: Routing at B.Cu layer
[board_modifier.py:539]: Netclass: Default, track width: 200000
[board_modifier.py:601]: Routing pad 'K40:1' at (196525000, 70200000) with pad 'K41:1' at (215575000, 70200000) using coordinate system rotated by 0 degree(s)
[board_modifier.py:445]: Adding track segment (B.Cu): [(196525000, 70200000), (215575000, 70200000)]
[board_modifier.py:455]: Could not add track segment due to detected collision
[board_modifier.py:522]: Routing at B.Cu layer
[board_modifier.py:539]: Netclass: Default, track width: 200000
[board_modifier.py:601]: Routing pad 'K55:1' at (201287500, 89250000) with pad 'K56:1' at (220337500, 89250000) using coordinate system rotated by 0 degree(s)
[board_modifier.py:445]: Adding track segment (B.Cu): [(201287500, 89250000), (220337500, 89250000)]
[board_modifier.py:455]: Could not add track segment due to detected collision
[board_modifier.py:522]: Routing at B.Cu layer
[board_modifier.py:539]: Netclass: Default, track width: 200000
[board_modifier.py:601]: Routing pad 'K10:1' at (206050000, 32100000) with pad 'K11:1' at (225100000, 32100000) using coordinate system rotated by 0 degree(s)
[board_modifier.py:445]: Adding track segment (B.Cu): [(206050000, 32100000), (225100000, 32100000)]
[board_modifier.py:455]: Could not add track segment due to detected collision
[board_modifier.py:522]: Routing at B.Cu layer
[board_modifier.py:539]: Netclass: Default, track width: 200000
[board_modifier.py:601]: Routing pad 'K26:1' at (206050000, 51150000) with pad 'K27:1' at (225100000, 51150000) using coordinate system rotated by 0 degree(s)
[board_modifier.py:445]: Adding track segment (B.Cu): [(206050000, 51150000), (225100000, 51150000)]
[board_modifier.py:455]: Could not add track segment due to detected collision
[board_modifier.py:522]: Routing at B.Cu layer
[board_modifier.py:539]: Netclass: Default, track width: 200000
[board_modifier.py:601]: Routing pad 'K70:1' at (229862500, 108300000) with pad 'K79:1' at (225100000, 127350000) using coordinate system rotated by 0 degree(s)
[board_modifier.py:445]: Adding track segment (B.Cu): [(229862500, 108300000), (229862500, 122587500)]
[board_modifier.py:450]: Track added
[board_modifier.py:445]: Adding track segment (B.Cu): [(229862500, 122587500), (225100000, 127350000)]
[board_modifier.py:450]: Track added
[board_modifier.py:522]: Routing at B.Cu layer
[board_modifier.py:539]: Netclass: Default, track width: 200000
[board_modifier.py:601]: Routing pad 'K69:1' at (210812500, 108300000) with pad 'K70:1' at (229862500, 108300000) using coordinate system rotated by 0 degree(s)
[board_modifier.py:445]: Adding track segment (B.Cu): [(210812500, 108300000), (229862500, 108300000)]
[board_modifier.py:455]: Could not add track segment due to detected collision
[board_modifier.py:522]: Routing at B.Cu layer
[board_modifier.py:539]: Netclass: Default, track width: 200000
[board_modifier.py:601]: Routing pad 'K41:1' at (215575000, 70200000) with pad 'K42:1' at (234625000, 70200000) using coordinate system rotated by 0 degree(s)
[board_modifier.py:445]: Adding track segment (B.Cu): [(215575000, 70200000), (234625000, 70200000)]
[board_modifier.py:455]: Could not add track segment due to detected collision
[board_modifier.py:522]: Routing at B.Cu layer
[board_modifier.py:539]: Netclass: Default, track width: 200000
[board_modifier.py:601]: Routing pad 'K56:1' at (220337500, 89250000) with pad 'K57:1' at (239387500, 89250000) using coordinate system rotated by 0 degree(s)
[board_modifier.py:445]: Adding track segment (B.Cu): [(220337500, 89250000), (239387500, 89250000)]
[board_modifier.py:455]: Could not add track segment due to detected collision
[board_modifier.py:522]: Routing at B.Cu layer
[board_modifier.py:539]: Netclass: Default, track width: 200000
[board_modifier.py:601]: Routing pad 'K11:1' at (225100000, 32100000) with pad 'K12:1' at (244150000, 32100000) using coordinate system rotated by 0 degree(s)
[board_modifier.py:445]: Adding track segment (B.Cu): [(225100000, 32100000), (244150000, 32100000)]
[board_modifier.py:455]: Could not add track segment due to detected collision
[board_modifier.py:522]: Routing at B.Cu layer
[board_modifier.py:539]: Netclass: Default, track width: 200000
[board_modifier.py:601]: Routing pad 'K27:1' at (225100000, 51150000) with pad 'K28:1' at (244150000, 51150000) using coordinate system rotated by 0 degree(s)
[board_modifier.py:445]: Adding track segment (B.Cu): [(225100000, 51150000), (244150000, 51150000)]
[board_modifier.py:455]: Could not add track segment due to detected collision
[board_modifier.py:522]: Routing at B.Cu layer
[board_modifier.py:539]: Netclass: Default, track width: 200000
[board_modifier.py:601]: Routing pad 'K79:1' at (225100000, 127350000) with pad 'K80:1' at (244150000, 127350000) using coordinate system rotated by 0 degree(s)
[board_modifier.py:445]: Adding track segment (B.Cu): [(225100000, 127350000), (244150000, 127350000)]
[board_modifier.py:455]: Could not add track segment due to detected collision
[board_modifier.py:522]: Routing at B.Cu layer
[board_modifier.py:539]: Netclass: Default, track width: 200000
[board_modifier.py:601]: Routing pad 'K70:1' at (229862500, 108300000) with pad 'K71:1' at (248912500, 108300000) using coordinate system rotated by 0 degree(s)
[board_modifier.py:445]: Adding track segment (B.Cu): [(229862500, 108300000), (248912500, 108300000)]
[board_modifier.py:455]: Could not add track segment due to detected collision
[board_modifier.py:522]: Routing at B.Cu layer
[board_modifier.py:539]: Netclass: Default, track width: 200000
[board_modifier.py:601]: Routing pad 'K42:1' at (234625000, 70200000) with pad 'K43:1' at (253675000, 70200000) using coordinate system rotated by 0 degree(s)
[board_modifier.py:445]: Adding track segment (B.Cu): [(234625000, 70200000), (253675000, 70200000)]
[board_modifier.py:455]: Could not add track segment due to detected collision
[board_modifier.py:522]: Routing at B.Cu layer
[board_modifier.py:539]: Netclass: Default, track width: 200000
[board_modifier.py:601]: Routing pad 'K57:1' at (239387500, 89250000) with pad 'K58:1' at (258437500, 89250000) using coordinate system rotated by 0 degree(s)
[board_modifier.py:445]: Adding track segment (B.Cu): [(239387500, 89250000), (258437500, 89250000)]
[board_modifier.py:455]: Could not add track segment due to detected collision
[board_modifier.py:522]: Routing at B.Cu layer
[board_modifier.py:539]: Netclass: Default, track width: 200000
[board_modifier.py:601]: Routing pad 'K12:1' at (244150000, 32100000) with pad 'K13:1' at (263200000, 32100000) using coordinate system rotated by 0 degree(s)
[board_modifier.py:445]: Adding track segment (B.Cu): [(244150000, 32100000), (263200000, 32100000)]
[board_modifier.py:455]: Could not add track segment due to detected collision
[board_modifier.py:522]: Routing at B.Cu layer
[board_modifier.py:539]: Netclass: Default, track width: 200000
[board_modifier.py:601]: Routing pad 'K28:1' at (244150000, 51150000) with pad 'K29:1' at (263200000, 51150000) using coordinate system rotated by 0 degree(s)
[board_modifier.py:445]: Adding track segment (B.Cu): [(244150000, 51150000), (263200000, 51150000)]
[board_modifier.py:455]: Could not add track segment due to detected collision
[board_modifier.py:522]: Routing at B.Cu layer
[board_modifier.py:539]: Netclass: Default, track width: 200000
[board_modifier.py:601]: Routing pad 'K43:1' at (253675000, 70200000) with pad 'K44:1' at (272725000, 70200000) using coordinate system rotated by 0 degree(s)
[board_modifier.py:445]: Adding track segment (B.Cu): [(253675000, 70200000), (272725000, 70200000)]
[board_modifier.py:455]: Could not add track segment due to detected collision
[board_modifier.py:522]: Routing at B.Cu layer
[board_modifier.py:539]: Netclass: Default, track width: 200000
[board_modifier.py:601]: Routing pad 'K82:1' at (282250000, 127350000) with pad 'K72:1' at (275106250, 108300000) using coordinate system rotated by 0 degree(s)
[board_modifier.py:445]: Adding track segment (B.Cu): [(282250000, 127350000), (282250000, 115443750)]
[board_modifier.py:450]: Track added
[board_modifier.py:445]: Adding track segment (B.Cu): [(282250000, 115443750), (275106250, 108300000)]
[board_modifier.py:455]: Could not add track segment due to detected collision
[board_modifier.py:445]: Adding track segment (B.Cu): [(282250000, 127350000), (275106250, 120206250)]
[board_modifier.py:450]: Track added
[board_modifier.py:445]: Adding track segment (B.Cu): [(275106250, 120206250), (275106250, 108300000)]
[board_modifier.py:450]: Track added
[board_modifier.py:522]: Routing at B.Cu layer
[board_modifier.py:539]: Netclass: Default, track width: 200000
[board_modifier.py:601]: Routing pad 'K13:1' at (263200000, 32100000) with pad 'K14:1' at (282250000, 32100000) using coordinate system rotated by 0 degree(s)
[board_modifier.py:445]: Adding track segment (B.Cu): [(263200000, 32100000), (282250000, 32100000)]
[board_modifier.py:455]: Could not add track segment due to detected collision
[board_modifier.py:522]: Routing at B.Cu layer
[board_modifier.py:539]: Netclass: Default, track width: 200000
[board_modifier.py:601]: Routing pad 'K83:1' at (301300000, 127350000) with pad 'K82:1' at (282250000, 127350000) using coordinate system rotated by 0 degree(s)
[board_modifier.py:445]: Adding track segment (B.Cu): [(301300000, 127350000), (282250000, 127350000)]
[board_modifier.py:455]: Could not add track segment due to detected collision
[board_modifier.py:522]: Routing at B.Cu layer
[board_modifier.py:539]: Netclass: Default, track width: 200000
[board_modifier.py:601]: Routing pad 'K45:1' at (296537500, 70200000) with pad 'K59:1' at (289393750, 89250000) using coordinate system rotated by 0 degree(s)
[board_modifier.py:445]: Adding track segment (B.Cu): [(296537500, 70200000), (296537500, 82106250)]
[board_modifier.py:450]: Track added
[board_modifier.py:445]: Adding track segment (B.Cu): [(296537500, 82106250), (289393750, 89250000)]
[board_modifier.py:450]: Track added
[board_modifier.py:522]: Routing at B.Cu layer
[board_modifier.py:539]: Netclass: Default, track width: 200000
[board_modifier.py:601]: Routing pad 'K14:1' at (282250000, 32100000) with pad 'K30:1' at (291775000, 51150000) using coordinate system rotated by 0 degree(s)
[board_modifier.py:445]: Adding track segment (B.Cu): [(282250000, 32100000), (282250000, 41625000)]
[board_modifier.py:450]: Track added
[board_modifier.py:445]: Adding track segment (B.Cu): [(282250000, 41625000), (291775000, 51150000)]
[board_modifier.py:450]: Track added
[board_modifier.py:522]: Routing at B.Cu layer
[board_modifier.py:539]: Netclass: Default, track width: 200000
[board_modifier.py:601]: Routing pad 'K30:1' at (291775000, 51150000) with pad 'K45:1' at (296537500, 70200000) using coordinate system rotated by 0 degree(s)
[board_modifier.py:445]: Adding track segment (B.Cu): [(291775000, 51150000), (291775000, 65437500)]
[board_modifier.py:450]: Track added
[board_modifier.py:445]: Adding track segment (B.Cu): [(291775000, 65437500), (296537500, 70200000)]
[board_modifier.py:450]: Track added
[board_modifier.py:522]: Routing at B.Cu layer
[board_modifier.py:539]: Netclass: Default, track width: 200000
[board_modifier.py:601]: Routing pad 'K14:1' at (282250000, 32100000) with pad 'K15:1' at (301300000, 32100000) using coordinate system rotated by 0 degree(s)
[board_modifier.py:445]: Adding track segment (B.Cu): [(282250000, 32100000), (301300000, 32100000)]
[board_modifier.py:455]: Could not add track segment due to detected collision
[board_modifier.py:522]: Routing at B.Cu layer
[board_modifier.py:539]: Netclass: Default, track width: 200000
[board_modifier.py:601]: Routing pad 'K74:1' at (320350000, 108300000) with pad 'K73:1' at (301300000, 108300000) using coordinate system rotated by 0 degree(s)
[board_modifier.py:445]: Adding track segment (B.Cu): [(320350000, 108300000), (301300000, 108300000)]
[board_modifier.py:455]: Could not add track segment due to detected collision
[board_modifier.py:522]: Routing at B.Cu layer
[board_modifier.py:539]: Netclass: Default, track width: 200000
[board_modifier.py:601]: Routing pad 'K73:1' at (301300000, 108300000) with pad 'K83:1' at (301300000, 127350000) using coordinate system rotated by 0 degree(s)
[board_modifier.py:445]: Adding track segment (B.Cu): [(301300000, 108300000), (301300000, 127350000)]
[board_modifier.py:450]: Track added
[board_modifier.py:522]: Routing at B.Cu layer
[board_modifier.py:539]: Netclass: Default, track width: 200000
[board_modifier.py:601]: Routing pad 'K15:1' at (301300000, 32100000) with pad 'K16:1' at (320350000, 32100000) using coordinate system rotated by 0 degree(s)
[board_modifier.py:445]: Adding track segment (B.Cu): [(301300000, 32100000), (320350000, 32100000)]
[board_modifier.py:455]: Could not add track segment due to detected collision
[board_modifier.py:522]: Routing at B.Cu layer
[board_modifier.py:539]: Netclass: Default, track width: 200000
[board_modifier.py:601]: Routing pad 'K16:1' at (320350000, 32100000) with pad 'K31:1' at (320350000, 51150000) using coordinate system rotated by 0 degree(s)
[board_modifier.py:445]: Adding track segment (B.Cu): [(320350000, 32100000), (320350000, 51150000)]
[board_modifier.py:450]: Track added
[board_modifier.py:522]: Routing at B.Cu layer
[board_modifier.py:539]: Netclass: Default, track width: 200000
[board_modifier.py:601]: Routing pad 'K31:1' at (320350000, 51150000) with pad 'K46:1' at (320350000, 70200000) using coordinate system rotated by 0 degree(s)
[board_modifier.py:445]: Adding track segment (B.Cu): [(320350000, 51150000), (320350000, 70200000)]
[board_modifier.py:450]: Track added
[board_modifier.py:522]: Routing at B.Cu layer
[board_modifier.py:539]: Netclass: Default, track width: 200000
[board_modifier.py:601]: Routing pad 'K46:1' at (320350000, 70200000) with pad 'K60:1' at (320350000, 89250000) using coordinate system rotated by 0 degree(s)
[board_modifier.py:445]: Adding track segment (B.Cu): [(320350000, 70200000), (320350000, 89250000)]
[board_modifier.py:450]: Track added
[board_modifier.py:522]: Routing at B.Cu layer
[board_modifier.py:539]: Netclass: Default, track width: 200000
[board_modifier.py:601]: Routing pad 'K60:1' at (320350000, 89250000) with pad 'K74:1' at (320350000, 108300000) using coordinate system rotated by 0 degree(s)
[board_modifier.py:445]: Adding track segment (B.Cu): [(320350000, 89250000), (320350000, 108300000)]
[board_modifier.py:450]: Track added
[board_modifier.py:522]: Routing at B.Cu layer
[board_modifier.py:539]: Netclass: Default, track width: 200000
[board_modifier.py:601]: Routing pad 'K74:1' at (320350000, 108300000) with pad 'K84:1' at (320350000, 127350000) using coordinate system rotated by 0 degree(s)
[board_modifier.py:445]: Adding track segment (B.Cu): [(320350000, 108300000), (320350000, 127350000)]
[board_modifier.py:450]: Track added
[board_modifier.py:518]: Could not route pads, no common layers found
[board_modifier.py:522]: Routing at F.Cu layer
[board_modifier.py:539]: Netclass: Default, track width: 200000
[board_modifier.py:601]: Routing pad 'U3:4' at (369700000, 99373000) with pad 'U4:55' at (369725000, 110993000) using coordinate system rotated by 0 degree(s)
[board_modifier.py:445]: Adding track segment (F.Cu): [(369700000, 99373000), (369700000, 110968000)]
[board_modifier.py:450]: Track added
[board_modifier.py:445]: Adding track segment (F.Cu): [(369700000, 110968000), (369725000, 110993000)]
[board_modifier.py:450]: Track added
[board_modifier.py:522]: Routing at F.Cu layer
[board_modifier.py:539]: Netclass: Default, track width: 200000
[board_modifier.py:601]: Routing pad 'U4:4' at (370725000, 118423000) with pad 'U2:55' at (369725000, 130043000) using coordinate system rotated by 0 degree(s)
[board_modifier.py:445]: Adding track segment (F.Cu): [(370725000, 118423000), (370725000, 129043000)]
[board_modifier.py:455]: Could not add track segment due to detected collision
[board_modifier.py:445]: Adding track segment (F.Cu): [(370725000, 118423000), (369725000, 119423000)]
[board_modifier.py:455]: Could not add track segment due to detected collision
[board_modifier.py:522]: Routing at F.Cu layer
[board_modifier.py:539]: Netclass: Default, track width: 200000
[board_modifier.py:601]: Routing pad 'U3:32' at (380200000, 91943000) with pad 'U1:13' at (384312500, 68502500) using coordinate system rotated by 0 degree(s)
[board_modifier.py:445]: Adding track segment (F.Cu): [(380200000, 91943000), (380200000, 72615000)]
[board_modifier.py:450]: Track added
[board_modifier.py:445]: Adding track segment (F.Cu): [(380200000, 72615000), (384312500, 68502500)]
[board_modifier.py:450]: Track added
[key_placer.py:819]: Routing Net-(U3-IO1_2) pads
[board_modifier.py:518]: Could not route pads, no common layers found
[key_placer.py:819]: Routing Net-(U2-IO3_5) pads
[board_modifier.py:518]: Could not route pads, no common layers found
[key_placer.py:819]: Routing Net-(U2-IO4_1) pads
[board_modifier.py:518]: Could not route pads, no common layers found
[key_placer.py:819]: Routing Net-(U3-IO2_0) pads
[board_modifier.py:518]: Could not route pads, no common layers found
[key_placer.py:819]: Routing Net-(U3-IO1_6) pads
[board_modifier.py:518]: Could not route pads, no common layers found
[key_placer.py:819]: Routing Net-(U3-IO4_7) pads
[board_modifier.py:518]: Could not route pads, no common layers found
[key_placer.py:819]: Routing Net-(U4-IO4_5) pads
[board_modifier.py:518]: Could not route pads, no common layers found
[key_placer.py:819]: Routing Net-(U2-IO2_3) pads
[board_modifier.py:518]: Could not route pads, no common layers found
[key_placer.py:819]: Routing Net-(U3-IO1_7) pads
[board_modifier.py:518]: Could not route pads, no common layers found
[key_placer.py:819]: Routing Net-(U2-IO0_0) pads
[board_modifier.py:518]: Could not route pads, no common layers found
[key_placer.py:819]: Routing Net-(U3-IO1_5) pads
[board_modifier.py:518]: Could not route pads, no common layers found
[key_placer.py:819]: Routing Net-(U2-IO0_1) pads
[board_modifier.py:518]: Could not route pads, no common layers found
[key_placer.py:819]: Routing Net-(U2-IO0_4) pads
[board_modifier.py:518]: Could not route pads, no common layers found
[key_placer.py:819]: Routing Net-(U2-IO3_7) pads
[board_modifier.py:518]: Could not route pads, no common layers found
[key_placer.py:819]: Routing Net-(U3-IO1_3) pads
[board_modifier.py:518]: Could not route pads, no common layers found
[key_placer.py:819]: Routing unconnected-(K81-Pad1) pads
[key_placer.py:819]: Routing Net-(U2-IO2_0) pads
[board_modifier.py:518]: Could not route pads, no common layers found
[key_placer.py:819]: Routing Net-(U3-IO2_4) pads
[board_modifier.py:518]: Could not route pads, no common layers found
[key_placer.py:819]: Routing Net-(U3-IO3_7) pads
[board_modifier.py:518]: Could not route pads, no common layers found
[key_placer.py:819]: Routing Net-(U2-IO1_2) pads
[board_modifier.py:518]: Could not route pads, no common layers found
[key_placer.py:819]: Routing Net-(U3-IO1_1) pads
[board_modifier.py:518]: Could not route pads, no common layers found
[key_placer.py:819]: Routing Net-(U3-IO2_7) pads
[board_modifier.py:518]: Could not route pads, no common layers found
[key_placer.py:819]: Routing Net-(U2-IO4_0) pads
[board_modifier.py:518]: Could not route pads, no common layers found
[key_placer.py:819]: Routing Net-(U3-IO4_6) pads
[board_modifier.py:518]: Could not route pads, no common layers found
[key_placer.py:819]: Routing Net-(U2-IO4_6) pads
[board_modifier.py:518]: Could not route pads, no common layers found
[key_placer.py:819]: Routing Net-(U3-IO2_1) pads
[board_modifier.py:518]: Could not route pads, no common layers found
[key_placer.py:819]: Routing Net-(U2-IO0_3) pads
[board_modifier.py:518]: Could not route pads, no common layers found
[key_placer.py:819]: Routing Net-(U3-IO1_4) pads
[board_modifier.py:518]: Could not route pads, no common layers found
[key_placer.py:819]: Routing Net-(U3-IO0_2) pads
[board_modifier.py:518]: Could not route pads, no common layers found
[key_placer.py:819]: Routing Net-(U3-IO4_2) pads
[board_modifier.py:518]: Could not route pads, no common layers found
[key_placer.py:819]: Routing Net-(U3-IO3_2) pads
[board_modifier.py:518]: Could not route pads, no common layers found
[key_placer.py:819]: Routing Net-(U2-IO2_1) pads
[board_modifier.py:518]: Could not route pads, no common layers found
[key_placer.py:819]: Routing Net-(U2-IO4_2) pads
[board_modifier.py:518]: Could not route pads, no common layers found
[key_placer.py:819]: Routing Net-(U3-IO0_4) pads
[board_modifier.py:518]: Could not route pads, no common layers found
[key_placer.py:819]: Routing Net-(U3-IO4_3) pads
[board_modifier.py:518]: Could not route pads, no common layers found
[key_placer.py:819]: Routing Net-(U2-IO2_7) pads
[board_modifier.py:518]: Could not route pads, no common layers found
[key_placer.py:819]: Routing Net-(U3-IO0_0) pads
[board_modifier.py:518]: Could not route pads, no common layers found
[key_placer.py:819]: Routing Net-(U3-IO3_5) pads
[board_modifier.py:518]: Could not route pads, no common layers found
[key_placer.py:819]: Routing Net-(U3-IO3_6) pads
[board_modifier.py:518]: Could not route pads, no common layers found
[key_placer.py:819]: Routing Net-(U3-IO0_6) pads
[board_modifier.py:518]: Could not route pads, no common layers found
[key_placer.py:819]: Routing Net-(U2-IO0_7) pads
[board_modifier.py:518]: Could not route pads, no common layers found
[key_placer.py:819]: Routing Net-(U2-IO1_5) pads
[board_modifier.py:518]: Could not route pads, no common layers found
[key_placer.py:819]: Routing Net-(U3-IO2_6) pads
[board_modifier.py:518]: Could not route pads, no common layers found
[key_placer.py:819]: Routing Net-(U2-IO4_3) pads
[board_modifier.py:518]: Could not route pads, no common layers found
[key_placer.py:819]: Routing Net-(U2-IO4_5) pads
[board_modifier.py:518]: Could not route pads, no common layers found
[key_placer.py:819]: Routing Net-(U3-IO4_1) pads
[board_modifier.py:518]: Could not route pads, no common layers found
[key_placer.py:819]: Routing Net-(U2-IO1_0) pads
[board_modifier.py:518]: Could not route pads, no common layers found
[key_placer.py:819]: Routing Net-(U3-IO0_7) pads
[board_modifier.py:518]: Could not route pads, no common layers found
[key_placer.py:819]: Routing Net-(U2-IO0_6) pads
[board_modifier.py:518]: Could not route pads, no common layers found
[key_placer.py:819]: Routing Net-(U3-IO2_5) pads
[board_modifier.py:518]: Could not route pads, no common layers found
[key_placer.py:819]: Routing Net-(U3-IO3_3) pads
[board_modifier.py:518]: Could not route pads, no common layers found
[key_placer.py:819]: Routing Net-(U3-IO1_0) pads
[board_modifier.py:518]: Could not route pads, no common layers found
[key_placer.py:819]: Routing Net-(U3-IO0_3) pads
[board_modifier.py:518]: Could not route pads, no common layers found
[key_placer.py:819]: Routing Net-(U2-IO1_6) pads
[board_modifier.py:518]: Could not route pads, no common layers found
[key_placer.py:819]: Routing Net-(U3-IO3_1) pads
[board_modifier.py:518]: Could not route pads, no common layers found
[key_placer.py:819]: Routing Net-(U2-IO1_3) pads
[board_modifier.py:518]: Could not route pads, no common layers found
[key_placer.py:819]: Routing Net-(U3-IO4_5) pads
[board_modifier.py:518]: Could not route pads, no common layers found
[key_placer.py:819]: Routing Net-(U4-IO4_4) pads
[board_modifier.py:518]: Could not route pads, no common layers found
[key_placer.py:819]: Routing Net-(U2-IO3_1) pads
[board_modifier.py:518]: Could not route pads, no common layers found
[key_placer.py:819]: Routing Net-(U3-IO4_4) pads
[board_modifier.py:518]: Could not route pads, no common layers found
[key_placer.py:819]: Routing Net-(U3-IO2_3) pads
[board_modifier.py:518]: Could not route pads, no common layers found
[key_placer.py:819]: Routing Net-(U3-IO3_4) pads
[board_modifier.py:518]: Could not route pads, no common layers found
[key_placer.py:819]: Routing Net-(U4-IO4_7) pads
[board_modifier.py:518]: Could not route pads, no common layers found
[key_placer.py:819]: Routing Net-(U2-IO3_2) pads
[board_modifier.py:518]: Could not route pads, no common layers found
[key_placer.py:819]: Routing Net-(U2-IO0_2) pads
[board_modifier.py:518]: Could not route pads, no common layers found
[key_placer.py:819]: Routing Net-(U3-IO4_0) pads
[board_modifier.py:518]: Could not route pads, no common layers found
[key_placer.py:819]: Routing Net-(U2-IO3_4) pads
[board_modifier.py:518]: Could not route pads, no common layers found
[key_placer.py:819]: Routing Net-(U3-IO2_2) pads
[board_modifier.py:518]: Could not route pads, no common layers found
[key_placer.py:819]: Routing Net-(U2-IO1_4) pads
[board_modifier.py:518]: Could not route pads, no common layers found
[key_placer.py:819]: Routing Net-(U3-IO3_0) pads
[board_modifier.py:518]: Could not route pads, no common layers found
[key_placer.py:819]: Routing Net-(U2-IO3_3) pads
[board_modifier.py:518]: Could not route pads, no common layers found
[key_placer.py:819]: Routing Net-(U2-IO2_2) pads
[board_modifier.py:518]: Could not route pads, no common layers found
[key_placer.py:819]: Routing Net-(U4-IO4_6) pads
[board_modifier.py:518]: Could not route pads, no common layers found
[key_placer.py:819]: Routing Net-(U2-IO1_7) pads
[board_modifier.py:518]: Could not route pads, no common layers found
[key_placer.py:819]: Routing Net-(U2-IO2_6) pads
[board_modifier.py:518]: Could not route pads, no common layers found
[key_placer.py:819]: Routing Net-(U2-IO4_7) pads
[board_modifier.py:518]: Could not route pads, no common layers found
[key_placer.py:819]: Routing Net-(U2-IO0_5) pads
[board_modifier.py:518]: Could not route pads, no common layers found
[key_placer.py:819]: Routing Net-(U2-IO4_4) pads
[board_modifier.py:518]: Could not route pads, no common layers found
[key_placer.py:457]: Removing dangling tracks
[key_placer.py:469]: Removing fca22c67-3ad3-427b-bcfe-1e54eaa46437
[key_placer.py:469]: Removing cf502a9f-315d-4a88-aa88-ede830096d6b
[key_placer.py:457]: Removing dangling tracks
